abiword
abiword-plugin-grammar
libace-dev
libace-flreactor-dev
libace-rmcast-dev
libace-tkreactor-dev
libace-xtreactor-dev
libacexml-dev
acetoneiso
actiona
libadolc-dev
aegisub
aeolus
aesfix
aeskulap
aewm++
aewm++-goodies
afl++
afnix
akonadi-backend-mysql
akonadi-backend-postgresql
akonadi-backend-sqlite
akonadi-server
konsolekalendar
akonadiconsole
akregator
aldo
ale
alienblaster
alsamixergui
amap-align
amb-plugins
ambdec
amphetamine
amsynth
amule
animals
ann-tools
antigravitaattori
antpm
anytun
apper
apt
apt-utils
aptitude
apvlv
aqemu
aranym
ardour
aria2
ark
armagetronad-dedicated
libarpack++2-dev
asc
libasio-dev
aspectc++
astyle
libastyle-dev
libatlas-cpp-0.6-dev
atomicparsley
audacious-plugins
augustus
auralquiz
autogrid
avarice
libavifile-0.7-dev
ballz
bamtools
libbamtools-dev
basket
bbmail
bbpager
bbtime
bcpp
bedtools
berkeley-express
berusky2
between
bibletime
billard-gl
bino
bisonc++
bitstormlite
blackbox
blahtexml
blender
blinken
blobandconquer
blobby
blobby-server
bloboats
blobwars
blocks-of-the-undead
bluedevil
boats
bochs
bochs-sdl
bochs-term
bochs-wx
bochs-x
bochsbios
bximage
boinc
boinc-client
boinc-dev
boinc-manager
bomber
bomstrip
bonnie++
libboost-date-time-dev
libboost-dev
libboost-filesystem-dev
libboost-graph-dev
libboost-program-options-dev
libboost-python-dev
libboost-regex-dev
libboost-serialization-dev
libboost-test-dev
libboost-thread-dev
boswars
bovo
bowtie
bowtie2
libbox2d-dev
boxes
brainparty
briquolo
btanks
libbullet-dev
libbullet-extras-dev
libbulletml-dev
burgerspace
cadabra
jcadencii
calibre-bin
calligrastage
calligrawords
karbon
cantata
cantor
cantor-backend-kalgebra
cantor-backend-maxima
cantor-backend-octave
cantor-backend-r
cantor-backend-sage
cataclysm-dda-curses
cataclysm-dda-sdl
catcodec
cb2bib
cccc
cclive
cd-hit
cdargs
cdck
cdcover
ceferino
cervisia
cvsservice
choqok
libchromaprint-dev
chromium-bsu
cimg-dev
libclalsadrv-dev
clamfs
libclanlib-dev
clasp
classified-ads
clementine
libcln-dev
pi
clonalframe
cloudcompare
libclucene-dev
clustalw
cmake
cmake-curses-gui
cmake-qt-gui
coco-cpp
codeblocks-dev
libwxsmithlib-dev
codelite
codfis
collatinus
colmap
colorcode
colortail
compiz-dev
concalc
confclerk
connectagram
libconsole-bridge-dev
contextfree
coz-profiler
cppcheck
crack-attack
crashmail
crawl
crawl-tiles
critterding
cruft-ng
cryfs
csmith
csstidy
libctemplate-dev
ctorrent
cultivation
cupt
cura-engine
cutycapt
cuyo
libcxxtools-dev
d-itg
dablin
danmaq
dar
darkice
dbeacon
libdbus-c++-dev
libdds-dev
debconf-kde-helper
astro-telescopecontrol
derivations
dgedit
libdiagnostics-dev
dianara
dibbler-relay
dicomnifti
dictconv
diffpdf
digikam
showfoto
dimbl
dime
libdime-dev
djview4
djview3
dnaclust
libdnet-dev
docker
dolfin-doc
dolphin
doxygen
doxygen-gui
dselect
dradio
dragonplayer
drawtiming
drkonqi
drumgizmo
dsdp
libdune-common-dev
libdune-grid-dev
libdune-istl-dev
libdune-localfunctions-dev
libdune-typetree-dev
dvd+rw-tools
growisofs
dynare
eancheck
ebook2cwgui
ecasound
libeigen3-dev
enblend
enfuse
encfs
enemylines7
enigma
ncbi-epcr
epiphany
eqonomize
espeak
etl-dev
evolvotron
exactimage
libexactimage-perl
libexempi-dev
exiv2
libexiv2-dev
fam
libfast5-dev
fbpager
fbreader
felix-latin
ffmpegthumbnailer
filelight
filezilla
fillets-ng
fim
firetools
fityk
libflac++-dev
flamerobin
flare
flare-engine
libflatzebra-dev
fldigi
flintqs
fltk1.1-games
libfltk1.1-dev
fluid
flvstreamer
flwm
fontmatrix
fotoxx
libfox-1.6-dev
fqterm
fractalnow
freecad
freeciv
freedink-dfarc
libfreefem-dev
freeorion
frescobaldi
fritzing
fruit
fstl
fte
fte-console
fte-terminal
fte-xwindow
fullquottel
funguloids
libfyba-dev
gaffitter
gbatnav
gbgoffice
gdal-bin
libgdal-dev
libgdal-perl
python3-gdal
libgdcm-cil
libgdcm-tools
libvtkgdcm-cil
libvtkgdcm-tools
gdisk
libgecode-dev
geg
gem
geographiclib-tools
libgeographic-dev
libgeos++-dev
libgeos-dev
ghemical
xcas
gigedit
gimagereader
gimp-plugin-registry
glaurung
libglibmm-2.4-dev
libglm-dev
glogg
glpeces
libgdome2-cpp-smart-dev
gimp-gmic
gmic
gmult
gnote
gnudatalanguage
gobby
libgtest-dev
gopchop
gource
gperf
gpsim
gpsim-dev
granatier
grap
grass
gravitation
grfcodec
grhino
gridlock.app
groff
groff-base
groundhog
gsimplecal
gsmartcontrol
gst123
libgstreamermm-1.0-dev
gtk2-engines-oxygen
libgtkextra-dev
libgtkmathview-bin
libgtkmathview-dev
libgtkmm-3.0-dev
libgtkspellmm-3.0-dev
guessnet
guitarix
guymager
gvidm
gwenview
gxtuner
hadori
havp
heimdall-flash
heimdall-flash-frontend
hex-a-hop
hexalate
horgand
horizon-eda
htdig
html2text
hugin
hugin-tools
hydrogen
icecc
libicecc-dev
icecc-monitor
icewm
icinga2-bin
icinga2-ido-mysql
icinga2-ido-pgsql
libid3-tools
id3v2
libilmbase-dev
indi-bin
libindi-dev
inkscape
inspircd
figtoipe
pdftoipe
iptux
irony-server
iverilog
jaaa
jacktrip
jigzo
juk
k3b
libk3b-dev
kaddressbook
kaffeine
kalarm
kalgebra
kalgebramobile
kalzium
kamera
kamoso
kanagram
kapman
kapptemplate
kate
kwrite
katomic
kawari8
kball
kbibtex
kblackbox
kblocks
kbounce
kbreakout
kbruch
kbuild
kcachegrind
kcachegrind-converters
kcalc
kcharselect
kchmviewer
kcollectd
kcolorchooser
kde-config-cron
kdesdk-scripts
kpartloader
kuiviewer
kdeconnect
kdeedu-kvtml-data
kdenetwork-filesharing
kdenlive
kdepim-runtime
plasma-dataengines-addons
plasma-runners-addons
plasma-wallpapers-addons
plasma-widgets-addons
kdesvn
kdesvn-kio-plugins
kdevelop
kdevelop-dev
kdevelop-php
kdf
kdiamond
kdiff3
kdiff3-qt
keepass2-doc
keepassx
kelbt
keurocalc
kexi
kfind
kfloppy
kfourinline
kgb
kgeography
kget
kgoldrunner
kgpg
khangman
khmer
liboxli-dev
kicad
kid3
kid3-qt
kig
kigo
kile
killbots
kimagemapeditor
kinfocenter
kio-gdrive
kio-gopher
kipi-plugins
kiriki
kiten
kjots
kjumpingcube
klatexformula
kleopatra
klettres
klick
klickety
klines
klog
kmag
kmahjongg
kdepim-doc
kmail
kmc
libkmc-dev
kmenuedit
kmines
kmix
kmousetool
kmouth
kmplayer
kmplot
kmymoney
knetwalk
knights
knotes
kolf
kollision
kolourpaint4
kompare
konq-plugins
konqueror
konquest
konsole
kontact
konversation
korganizer
kpat
kphotoalbum
kraft
krdc
krename
kreversi
krfb
krita
kruler
krusader
kshisen
kshutdown
ksirk
kspaceduel
ksquares
ksshaskpass
kst
kst-doc
kstars
ksudoku
ksysguard
ksysguardd
ksystemlog
kteatime
ktikz
qtikz
ktimer
ktimetracker
ktorrent
ktouch
ktuberling
kturtle
kubrick
kvirc
kwalletcli
kwalletmanager
kwave
kwordquiz
langdrill
last-align
lcalc
ledger
libapache2-mod-auth-openid
libccrtp-dev
libcitygml-bin
libcitygml-dev
libcommoncpp2-dev
libcrypto++-dev
libcrypto++-utils
libdjconsole-dev
libdkim-dev
libept-dev
libepubgen-dev
libfilezilla-dev
libfreenect-dev
libgetdata-dev
gigtools
libgwengui-fox16-dev
libgwengui-qt5-dev
libitpp-dev
libjama-dev
kde-config-cddb
libkdtree++-dev
libkml-dev
ktoblzcheck
libktoblzcheck1-dev
libktorrent-dev
liblinear-dev
libnxt
libofx-dev
liboglappth-dev
libosmium2-dev
libqalculate-dev
qalc
libreoffice-base
libreoffice-calc
libreoffice-core
libreoffice-draw
libreoffice-writer
libsearch-xapian-perl
libsigc++-2.0-dev
libtabixpp-dev
libterralib-dev
libtorrent-dev
libtorrent-rasterbar-dev
libverilog-perl
libvigraimpex-dev
libvmime-dev
wfut
libwibble-dev
libwpg-tools
lifeograph
lilypond
lincity-ng
littlewizard
clang
llvm
lmms
logstalgia
lokalize
lordsawar
lshw
lshw-gtk
lskat
lttoolbox
luckybackup
lugaru
lyx
lzip
m16c-flash
mailsync
mailtextbody
mame
libventrilo-dev
mangler
libmapbox-variant-dev
mapcode
libmapnik-dev
mapnik-utils
libmapscript-perl
libmapserver-dev
maq
libmarble-dev
marble
marble-plugins
libmariadbd-dev
mariadb-client
mariadb-plugin-connect
mariadb-plugin-mroonga
mariadb-plugin-oqgraph
mariadb-plugin-spider
mariadb-server
massxpert
meep
megaglest
libmemtailor-dev
merkaartor
kdeadmin
kdeedu
kdegames
kdegraphics
kdemultimedia
kdenetwork
kdepim
kdesdk
kdetoys
kdeutils
kdewebdev
metacam
mffm-fftw-dev
microdc2
milkytracker
libmimelib1-dev
libmimetic-dev
minbif
minetest
minisat
minisat2
minitube
miwm
mkcue
mlterm-im-scim
mm3d
monopd
monster-masher
ibus-mozc
mp3diags
mpd
mpdas
libsc-dev
mpqc
multimail
mumble
mumble-server
mummer
muscle
muse
mustang
mysql-common
nam
nautilus-image-converter
ncbi-blast+
ncmpc
nco
ndppd
nemiver
libnetcdf-c++4-dev
libnetcdf-cxx-legacy-dev
nethogs
telnet-ssl
nifti-bin
nitrogen
nitrokey-app
nixnote2
njam
nlkt
nload
nmapsi4
nodejs
nqc
ns3
nsis
numlockx
nxproxy
libnxcl-bin
libnxcl-dev
nzbget
libsamplerate-ocaml
libsamplerate-ocaml-dev
libsoundtouch-ocaml
liboctave-dev
octave
okteta
okteta-dev
okular
okular-dev
okular-extra-backends
ola
libcos4-dev
libomniorb4-dev
onscripter
open-invaders
libopenbabel-dev
openbabel
opencity
libopencsg-dev
libopenexr-dev
openexr
openexr-viewers
openmsx
openmsx-catapult
openmsx-debugger
openscad
openscad-testing
libopenscenegraph-dev
libopenthreads-dev
openscenegraph
openscenegraph-doc
openttd
openyahtzee
orbital-eunuchs-sniper
osm2pgrouting
osm2pgsql
osmcoastline
osmium-tool
libosmpbf-dev
osmpbf-bin
libossim-dev
ossim-core
owx
p7zip
p7zip-full
packagesearch
pacman
pagetools
palapeli
palapeli-data
parley
libapache2-mod-parser3
parser3
parser3-cgi
parser3-dev
parser3-mysql
partimage
partimage-server
partitionmanager
pasmo
passage
pavucontrol
pbsim
pbzip2
pcb2gcode
pcmanx-gtk2
libpdal-dev
pdal
pdf2djvu
pdfchain
pdfcube
pdfgrep
pdftk
peg-e
peg-solitaire
pekwm
pentobi
pgn2web
photoflare
pinball
pinball-dev
pinot
pipewalker
libdlrestrictions-dev
pktools
pktools-dev
plasma-desktop
plee-the-bear
plink
plzip
libpoco-dev
poedit
pokerth
pokerth-server
ponyprog
poppler-utils
posterazor
powertop
poxml
praat
previsat
primrose
probcons
probcons-extra
proda
libprotobuf-dev
libprotoc-dev
protobuf-compiler
libprotozero-dev
psi
psi3
libpstoedit-dev
pstoedit
pushover
python3-pyosmium
python3-mapnik
q4wine
qasconfig
qasmixer
qbittorrent
qbittorrent-nox
qbrew
qcomicbook
qdacco
qelectrotech
libqgis-customwidgets
libqgis-dev
qgis
qgis-plugin-grass
qgis-plugin-grass-common
qgis-provider-grass
qgis-providers
qgis-server
qgit
qjoypad
qmapshack
qmmp
qmmp-plugin-projectm
qonk
libqpdf-dev
libqrencode-dev
qsampler
qspeakers
qstardict
qsynth
qtcreator
qterm
qtpass
qtractor
quassel
quassel-client
quassel-core
qutemol
libqxmpp-dev
libqxmpp-doc
rafkill
ragel
rawtherapee
rdfind
reapr
recoll
regina-normal
regina-normal-dev
remind
rkward
rlvm
rna-star
rocs
rosegarden
rrootage
rsakeyfind
rsibreak
rsyncrypto
rtklib
rtklib-qt
rtorrent
rxvt-unicode
libsaga-dev
saga
sailcut
saods9
sapphire
scim-pinyin
scite
scorched3d
scribus
scummvm
sddm
kde-config-sddm
seafile-gui
seaview
libsfcgal-dev
sfftobmp
sffview
qprogram-starter
qshutdown
sigviewer
simutrans
simutrans-makeobj
sip-tester
sirikali
skanlite
skrooge
libskstream-0.3-dev
slim
sludge-devkit
sludge-engine
smartmontools
smb4k
sockperf
socnetv
sonic-pi
sosi2osm
soundkonverter
libsoundtouch-dev
soundstretch
source-highlight
spamass-milter
spamprobe
libspatialindex-dev
spatialite-gui
speech-tools
spew
squidview
squizz
srecord
ssh-agent-filter
starfighter
starplot
stealth
stella
step
stockfish
subnetcalc
subtitlecomposer
libsubtitleeditor-dev
subtitleeditor
supercollider
supercollider-dev
supertuxkart
survex-aven
svn-all-fast-export
sweeper
swfmill
swish++
synaptic
systemsettings
systemtap
libtagcoll2-dev
tagcoll
tagua
tantan
taskwarrior
tcm
tcpreen
tea
tecnoballz
teeworlds
telegram-desktop
tellico
tesseract-ocr
tetgen
tetraproc
texmaker
texworks
therion
tigr-glimmer
tiled
timbl
timewarrior
tintii
libtinyxml-dev
tmispell-voikko
libtntdb-dev
libtntnet-dev
tntnet
tntnet-demos
toga2
libtolua++5.1-dev
torcs
transcend
traverso
treeviewx
trend
triplane
trophy
tudu
tulip
tuxpaint-config
uchardet
ucto
uim-xim
umbrello
unalz
libunittest++-dev
unmass
uphpmvault
upx-ucl
libvarconf-dev
vbindiff
vbrfix
vdr
vdr-dev
libverbiste-dev
verbiste
verbiste-gnome
verbiste-gtk
verilator
visualboyadvance
vite
vlc
vlc-plugin-bittorrent
vmpk
vncsnapshot
vocproc
vodovod
voms-clients
voms-server
vpb-utils
vym
kde-config-tablet
libwaili-dev
warmux
warzone2100
wbar
webissues
wesnoth
wesnoth-core
wkhtmltopdf
wm2
wmanager
wmcdplay
worker
workrave
wpagui
libwreport-dev
wxhexeditor
wxmaxima
wx-common
xalan
tclxapian
libxapian-dev
xapian-doc
xapian-examples
xapian-tools
xapian-omega
xchm
xd
xdrawchem
xfe
xmahjongg
libxml-security-c-dev
libxmmsclient++-dev
libxmmsclient++-glib-dev
xmms2-plugin-gme
xmoto
xosview
xpdf
xprobe
xqilla
xsettingsd
xstow
xxdiff
xyscan
yabause-gtk
yabause-qt
yakuake
yapet
yaskkserv
yatm
yoshimi
zaz
zegrapher
kde-zeroconf
libzipios++-dev
znc
zutils
zynaddsubfx
