/usr/bin/aegisub-3.2
/usr/bin/axd
/usr/bin/akonadi_rds
/usr/bin/akonadiserver
/usr/bin/aldo
/usr/bin/ale-bin
/usr/bin/amule
/usr/bin/antpm-downloader
/usr/bin/antpm-fit2gpx
/usr/bin/antpm-usbmon2ant
/usr/bin/anytun-config
/usr/bin/anytun-controld
/usr/bin/anytun-showtables
/usr/sbin/anytun
/usr/bin/aptitude-curses
/usr/bin/apvlv
/usr/bin/aqemu
/usr/bin/aranym
/usr/bin/aranym-jit
/usr/bin/aranym-mmu
/usr/lib/ardour6/ardour-6.5.0~ds0
/usr/lib/ardour6/ardour-vst3-scanner
/usr/lib/ardour6/utils/ardour6-copy-mixer
/usr/lib/ardour6/utils/ardour6-export
/usr/lib/ardour6/utils/ardour6-fix_bbtppq
/usr/lib/ardour6/utils/ardour6-new_empty_session
/usr/lib/ardour6/utils/ardour6-new_session
/usr/games/armagetronad-dedicated.real
/usr/games/asc
/usr/games/asc_demount
/usr/games/asc_mapedit
/usr/games/asc_mount
/usr/games/asc_weaponguide
/usr/bin/ac++
/usr/bin/ag++
/usr/bin/augustus
/usr/bin/etraining
/usr/bin/fastBlockSearch
/usr/bin/getSeq
/usr/bin/homGeneMapping
/usr/bin/load2db
/usr/bin/load2sqlitedb
/usr/bin/pp_simScore
/usr/bin/avarice
/usr/games/ballz
/usr/bin/bamtools
/usr/bin/bbmail
/usr/bin/bbpager
/usr/bin/bedtools
/usr/lib/debian-med/bin/express
/usr/bin/bino
/usr/lib/debian-med/bin/eagle
/usr/bin/bisonc++
/usr/bin/blahtexml
/usr/games/blobby
/usr/games/blobby-server
/usr/games/BlocksOfTheUndead
/usr/games/boswars
/usr/bin/bowtie-align-l
/usr/bin/bowtie-align-l-debug
/usr/bin/bowtie-align-s
/usr/bin/bowtie-align-s-debug
/usr/bin/bowtie-build-l
/usr/bin/bowtie-build-l-debug
/usr/bin/bowtie-build-s
/usr/bin/bowtie-build-s-debug
/usr/bin/bowtie-inspect-l
/usr/bin/bowtie-inspect-l-debug
/usr/bin/bowtie-inspect-s
/usr/bin/bowtie-inspect-s-debug
/usr/bin/bowtie2-align-l
/usr/bin/bowtie2-align-s
/usr/bin/bowtie2-build-l
/usr/bin/bowtie2-build-s
/usr/bin/bowtie2-inspect-l
/usr/bin/bowtie2-inspect-s
/usr/games/burgerspace
/usr/games/burgerspace-server
/usr/bin/cadabra
/usr/bin/xcadabra
/usr/games/cataclysm
/usr/games/cataclysm-tiles
/usr/bin/catcodec
/usr/bin/cclive
/usr/games/chromium-bsu
/usr/bin/clamfs
/usr/bin/clasp
/usr/bin/clementine
/usr/bin/clustalw
/usr/bin/cmake
/usr/bin/cpack
/usr/bin/ctest
/usr/bin/ccmake
/usr/bin/cmake-gui
/usr/bin/colmap
/usr/bin/confclerk
/usr/bin/cfdg
/usr/bin/cppcheck
/usr/games/crawl
/usr/games/crawl-tiles
/usr/bin/cryfs
/usr/bin/cryfs-unmount
/usr/bin/ctorrent
/usr/bin/cupt
/usr/games/cuyo
/usr/bin/dablin
/usr/bin/dablin_gtk
/usr/bin/dar
/usr/bin/dar_cp
/usr/bin/dar_manager
/usr/bin/dar_slave
/usr/bin/dar_xform
/usr/bin/darkice
/usr/bin/dimbl
/usr/bin/ITGSend
/usr/bin/djview4
/usr/bin/dnaclust
/usr/lib/dnaclust/fastaselect
/usr/lib/dnaclust/fastasort
/usr/bin/doxygen
/usr/bin/drawtiming
/usr/bin/dgvalidator
/usr/bin/drumgizmo
/usr/bin/dynare++
/usr/lib/dynare/matlab/preprocessor64/dynare_m
/usr/bin/ecasound
/usr/bin/enblend
/usr/bin/encfs
/usr/bin/enfuse
/usr/games/enigma
/usr/games/epiphany-game
/usr/bin/evolvotron
/usr/bin/evolvotron_mutate
/usr/bin/evolvotron_render
/usr/bin/bardecode
/usr/bin/e2mtiff
/usr/bin/econvert
/usr/bin/edentify
/usr/bin/empty-page
/usr/bin/hocr2pdf
/usr/bin/optimize2bw
/usr/bin/exiv2
/usr/bin/fakeroot-ng
/usr/bin/fbpager
/usr/bin/ffmpegthumbnailer
/usr/bin/figtoipe
/usr/bin/filezilla
/usr/games/fillets
/usr/bin/fim
/usr/bin/cfityk
/usr/bin/fityk
/usr/bin/flamerobin
/usr/bin/flarq
/usr/bin/fldigi
/usr/lib/freeorion/freeorion
/usr/lib/freeorion/freeorionca
/usr/lib/freeorion/freeoriond
/usr/bin/fritzing.real
/usr/bin/fstl
/usr/bin/fullquottel
/usr/games/funguloids
/usr/bin/gaffitter
/usr/bin/CartConvert
/usr/bin/ConicProj
/usr/bin/GeoConvert
/usr/bin/GeodSolve
/usr/bin/GeodesicProj
/usr/bin/GeoidEval
/usr/bin/Gravity
/usr/bin/MagneticField
/usr/bin/Planimeter
/usr/bin/RhumbSolve
/usr/bin/TransverseMercatorProj
/usr/bin/gigedit
/usr/bin/korg2gig
/usr/bin/sf2extract
/usr/bin/gimagereader-gtk
/usr/bin/glogg
/usr/bin/gmic
/usr/bin/gnote
/usr/bin/gdl
/usr/bin/gobby-0.5
/usr/bin/gource
/usr/bin/grap
/usr/bin/grfcodec
/usr/bin/nforenum
/usr/games/gtp-rhino
/usr/bin/gsimplecal
/usr/sbin/gsmartcontrol
/usr/sbin/guessnet
/usr/bin/guitarix
/usr/bin/hadori
/usr/bin/horizon-eda
/usr/bin/horizon-imp
/usr/bin/calibrate_lens_gui
/usr/bin/hugin
/usr/bin/align_image_stack
/usr/bin/autooptimiser
/usr/bin/celeste_standalone
/usr/bin/checkpto
/usr/bin/cpfind
/usr/bin/deghosting_mask
/usr/bin/fulla
/usr/bin/hugin_hdrmerge
/usr/bin/hugin_stacker
/usr/bin/linefind
/usr/bin/tca_correct
/usr/bin/verdandi
/usr/bin/vig_optimize
/usr/bin/h2cli
/usr/bin/h2player
/usr/bin/hydrogen
/usr/bin/icecc
/usr/sbin/icecc-scheduler
/usr/sbin/iceccd
/usr/bin/icemon
/usr/lib/nagios/plugins/check_nscp_api
/usr/lib/x86_64-linux-gnu/icinga2/sbin/icinga2
/usr/bin/indi_activefocuser_focus
/usr/bin/indi_domepro2_dome
/usr/bin/indi_dsc_telescope
/usr/bin/indi_efa_focus
/usr/bin/indi_falcon_rotator
/usr/bin/indi_mbox_weather
/usr/bin/indi_optec_wheel
/usr/bin/indi_paramount_telescope
/usr/bin/indi_pegasus_ppb
/usr/bin/indi_pegasus_ppba
/usr/bin/indi_pegasus_upb
/usr/bin/indi_planewave_deltat
/usr/bin/indi_rainbow_telescope
/usr/bin/indi_rigel_dome
/usr/bin/indi_sqm_weather
/usr/bin/indi_steeldrive2_focus
/usr/sbin/inspircd
/usr/bin/jacktrip
/usr/bin/kelbt
/usr/bin/bitmap2component
/usr/bin/dxf2idf
/usr/bin/eeschema
/usr/bin/gerbview
/usr/bin/idf2vrml
/usr/bin/kicad
/usr/bin/kicad2step
/usr/bin/pcb_calculator
/usr/bin/pcbnew
/usr/bin/pl_editor
/usr/bin/klick
/usr/bin/kmc_tools
/usr/bin/kphotoalbum
/usr/bin/langdrill
/usr/lib/last-align/last-pair-probs-avx
/usr/lib/last-align/last-pair-probs-avx2
/usr/lib/last-align/last-pair-probs-sse2
/usr/lib/last-align/last-pair-probs-sse3
/usr/lib/last-align/last-pair-probs-sse4.1
/usr/lib/last-align/last-pair-probs-ssse3
/usr/lib/last-align/last-split-avx
/usr/lib/last-align/last-split-avx2
/usr/lib/last-align/last-split-sse2
/usr/lib/last-align/last-split-sse3
/usr/lib/last-align/last-split-sse4.1
/usr/lib/last-align/last-split-ssse3
/usr/lib/last-align/last-split8-avx
/usr/lib/last-align/last-split8-avx2
/usr/lib/last-align/last-split8-sse2
/usr/lib/last-align/last-split8-sse3
/usr/lib/last-align/last-split8-sse4.1
/usr/lib/last-align/last-split8-ssse3
/usr/lib/last-align/lastal-avx
/usr/lib/last-align/lastal-avx2
/usr/lib/last-align/lastal-sse2
/usr/lib/last-align/lastal-sse3
/usr/lib/last-align/lastal-sse4.1
/usr/lib/last-align/lastal-ssse3
/usr/lib/last-align/lastal8-avx
/usr/lib/last-align/lastal8-avx2
/usr/lib/last-align/lastal8-sse2
/usr/lib/last-align/lastal8-sse3
/usr/lib/last-align/lastal8-sse4.1
/usr/lib/last-align/lastal8-ssse3
/usr/lib/last-align/lastdb-avx
/usr/lib/last-align/lastdb-avx2
/usr/lib/last-align/lastdb-sse2
/usr/lib/last-align/lastdb-sse3
/usr/lib/last-align/lastdb-sse4.1
/usr/lib/last-align/lastdb-ssse3
/usr/lib/last-align/lastdb8-avx
/usr/lib/last-align/lastdb8-avx2
/usr/lib/last-align/lastdb8-sse2
/usr/lib/last-align/lastdb8-sse3
/usr/lib/last-align/lastdb8-sse4.1
/usr/lib/last-align/lastdb8-ssse3
/usr/bin/ledger
/usr/bin/cryptest
/usr/bin/gdcmdump
/usr/bin/gdcmraw
/usr/bin/ecppc
/usr/bin/ecppll
/usr/bin/lifeograph
/usr/games/lincity-ng
/usr/bin/littlewizard
/usr/bin/littlewizardtest
/usr/bin/logstalgia
/usr/games/lugaru
/usr/bin/lyx
/usr/bin/lyxclient
/usr/bin/tex2lyx
/usr/bin/lzip.lzip
/usr/bin/mapnik-index
/usr/bin/mapnik-render
/usr/bin/shapeindex
/usr/games/megaglest
/usr/games/megaglest_editor
/usr/games/megaglest_g3dviewer
/usr/bin/minbif
/usr/games/minetest
/usr/bin/minisat
/usr/sbin/monopd
/usr/games/monster-masher
/usr/bin/mp3diags
/usr/bin/mpd
/usr/bin/mpqc
/usr/sbin/murmurd
/usr/bin/blast_formatter
/usr/bin/blast_report
/usr/bin/blastdb_aliastool
/usr/bin/blastdb_convert
/usr/bin/blastdbcheck
/usr/bin/blastdbcmd
/usr/bin/blastdbcp
/usr/bin/blastn
/usr/bin/blastp
/usr/bin/blastx
/usr/bin/deltablast
/usr/bin/dustmasker
/usr/bin/makeblastdb
/usr/bin/makeprofiledb
/usr/bin/psiblast
/usr/bin/rpsblast+
/usr/bin/rpstblastn
/usr/bin/seedtop+
/usr/bin/segmasker
/usr/bin/tblastn
/usr/bin/tblastx
/usr/bin/e-PCR
/usr/bin/fahash
/usr/bin/famap
/usr/bin/re-PCR
/usr/bin/ncmpc
/usr/bin/ncap2
/usr/sbin/ndppd
/usr/bin/nemiver
/usr/bin/nitrogen
/usr/bin/nitrokey-app
/usr/bin/nixnote2
/usr/bin/nlkt
/usr/bin/GenPat
/usr/bin/makensis
/usr/games/opencity
/usr/bin/exrenvmap
/usr/bin/exrmaketiled
/usr/bin/exrmultiview
/usr/bin/exrstdattr
/usr/bin/exrdisplay
/usr/bin/openmsx
/usr/bin/openmsx-catapult
/usr/bin/openmsx-debugger
/usr/bin/openscad
/usr/games/openttd
/usr/games/openyahtzee
/usr/bin/osm2pgrouting
/usr/bin/osm2pgsql
/usr/bin/osmcoastline
/usr/bin/osmcoastline_filter
/usr/bin/osmcoastline_segments
/usr/bin/osmcoastline_ways
/usr/bin/osmium
/usr/bin/ossim-image-synth
/usr/bin/ossim-rpcgen
/usr/sbin/owx
/usr/lib/p7zip/7zr
/usr/lib/p7zip/7z
/usr/lib/p7zip/7zCon.sfx
/usr/lib/p7zip/7za
/usr/bin/packagesearch
/usr/bin/parser3
/usr/sbin/partimage
/usr/sbin/partimaged
/usr/bin/pasmo
/usr/bin/pavucontrol
/usr/bin/pcb2gcode
/usr/bin/pdal
/usr/bin/pdf2djvu
/usr/bin/pdfcube
/usr/bin/pekwm
/usr/games/pentobi
/usr/games/pentobi-thumbnailer
/usr/games/pinball
/usr/games/pipewalker
/usr/bin/pkann
/usr/bin/pkannogr
/usr/bin/pkascii2img
/usr/bin/pkascii2ogr
/usr/bin/pkcomposite
/usr/bin/pkcreatect
/usr/bin/pkcrop
/usr/bin/pkdiff
/usr/bin/pkdsm2shadow
/usr/bin/pkdumpimg
/usr/bin/pkdumpogr
/usr/bin/pkegcs
/usr/bin/pkextractimg
/usr/bin/pkextractogr
/usr/bin/pkfillnodata
/usr/bin/pkfilter
/usr/bin/pkfilterascii
/usr/bin/pkfilterdem
/usr/bin/pkfsann
/usr/bin/pkfssvm
/usr/bin/pkgetmask
/usr/bin/pkinfo
/usr/bin/pkkalman
/usr/bin/pkoptsvm
/usr/bin/pkpolygonize
/usr/bin/pkreclass
/usr/bin/pkreclassogr
/usr/bin/pkregann
/usr/bin/pksetmask
/usr/bin/pksieve
/usr/bin/pkstat
/usr/bin/pkstatascii
/usr/bin/pkstatogr
/usr/bin/pkstatprofile
/usr/bin/pksvm
/usr/bin/pksvmogr
/usr/bin/poeditor
/usr/games/pokerth
/usr/games/pokerth_server
/usr/bin/praat
/usr/bin/PreviSat
/usr/lib/psi/cints
/usr/lib/psi/dboc
/usr/lib/psi/optking
/usr/games/pushover
/usr/bin/qbittorrent
/usr/bin/qbittorrent-nox
/usr/bin/qcomicbook
/usr/bin/qgit
/usr/bin/qmapshack
/usr/bin/qmt_rgb2pct
/usr/games/qonk
/usr/libexec/qtcreator/clangbackend
/usr/libexec/qtcreator/cpaster
/usr/bin/quasselcore
/usr/bin/ragel
/usr/bin/rawtherapee
/usr/bin/rawtherapee-cli
/usr/bin/rdfind
/usr/bin/regina-gui
/usr/games/rlvm
/usr/lib/rna-star/bin/STAR-avx
/usr/lib/rna-star/bin/STAR-avx2
/usr/lib/rna-star/bin/STAR-plain
/usr/lib/rna-star/bin/STAR-sse3
/usr/lib/rna-star/bin/STAR-sse4.1
/usr/lib/rna-star/bin/STAR-ssse3
/usr/lib/rna-star/bin/STARlong-avx
/usr/lib/rna-star/bin/STARlong-avx2
/usr/lib/rna-star/bin/STARlong-plain
/usr/lib/rna-star/bin/STARlong-sse3
/usr/lib/rna-star/bin/STARlong-sse4.1
/usr/lib/rna-star/bin/STARlong-ssse3
/usr/bin/rosegarden
/usr/bin/rsyncrypto
/usr/bin/rsyncrypto_recover
/usr/bin/rtorrent
/usr/bin/sailcut
/usr/bin/SciTE
/usr/games/scorched3dc
/usr/games/scorched3ds
/usr/bin/sfftobmp
/usr/bin/sffview
/usr/bin/sigviewer
/usr/games/makeobj
/usr/bin/sirikali
/usr/bin/sirikali.pkexec
/usr/bin/slim
/usr/sbin/smartctl
/usr/sbin/smartd
/usr/bin/sockperf
/usr/bin/sonic-pi
/usr/bin/soundstretch
/usr/bin/check-regexp
/usr/lib/spades/bin/spades-core
/usr/lib/spades/bin/spades-corrector-core
/usr/lib/spades/bin/spades-gbuilder
/usr/lib/spades/bin/spades-gmapper
/usr/lib/spades/bin/spades-hammer
/usr/lib/spades/bin/spades-ionhammer
/usr/lib/spades/bin/spades-kmercount
/usr/lib/spades/bin/spades-truseq-scfcorrection
/usr/sbin/spamass-milter
/usr/bin/spamprobe
/usr/games/mapcompile
/usr/games/mapdecompile
/usr/games/spring
/usr/games/spring-dedicated
/usr/games/spring-headless
/usr/games/springlobby
/usr/bin/squidview
/usr/bin/ssh-agent-filter
/usr/bin/stealth
/usr/bin/stella
/usr/bin/subtitleeditor
/usr/bin/3dtopos
/usr/bin/aven
/usr/bin/survexport
/usr/bin/stap
/usr/bin/stapbpf
/usr/bin/tagcoll
/usr/games/tagua
/usr/bin/tantan
/usr/bin/task
/usr/games/tecnoballz
/usr/bin/tetgen
/usr/bin/therion
/usr/lib/tigr-glimmer/anomaly
/usr/lib/tigr-glimmer/build-fixed
/usr/lib/tigr-glimmer/build-icm
/usr/lib/tigr-glimmer/entropy-profile
/usr/lib/tigr-glimmer/entropy-score
/usr/lib/tigr-glimmer/extract
/usr/lib/tigr-glimmer/glimmer3
/usr/lib/tigr-glimmer/long-orfs
/usr/lib/tigr-glimmer/multi-extract
/usr/lib/tigr-glimmer/score-fixed
/usr/lib/tigr-glimmer/start-codon-distrib
/usr/lib/tigr-glimmer/window-acgt
/usr/bin/timbl
/usr/bin/timew
/usr/bin/tintii
/usr/bin/tmispell
/usr/bin/tntnet
/usr/bin/tv
/usr/bin/ucto
/usr/bin/uphpmvault
/usr/bin/upx-ucl
/usr/bin/vbrfix
/usr/bin/french-conjugator
/usr/bin/french-deconjugator
/usr/bin/vite
/usr/bin/vncsnapshot
/usr/games/vodovod
/usr/sbin/voms
/usr/games/warzone2100
/usr/bin/wbar
/usr/bin/wkhtmltoimage
/usr/bin/wkhtmltopdf
/usr/bin/worker
/usr/bin/workrave
/usr/bin/omindex
/usr/bin/scriptindex
/usr/lib/cgi-bin/omega/omega
/usr/bin/xd
/usr/bin/xfe
/usr/bin/xfimage
/usr/bin/xfpack
/usr/bin/xfwrite
/usr/games/xmoto
/usr/bin/xprobe2
/usr/bin/merge-info
/usr/bin/xstow
/usr/bin/xxdiff
/usr/bin/csv2yapet
/usr/bin/yapet
/usr/bin/yapet2csv
/usr/games/zaz
/usr/bin/ZeGrapher
/usr/bin/znc
/usr/bin/zynaddsubfx
