/usr/bin/abiword
/usr/bin/acetoneiso
/usr/bin/actexec
/usr/bin/actiona
/usr/bin/aeolus
/usr/bin/aesfix
/usr/bin/aeskulap
/usr/bin/aewm++
/usr/bin/aewm++_appbar
/usr/bin/aewm++_fspanel
/usr/bin/aewm++_setrootimage
/usr/bin/aewm++_xsession
/usr/bin/afl-analyze
/usr/bin/afl-fuzz
/usr/bin/afl-gcc
/usr/bin/afl-gotcpu
/usr/bin/afl-showmap
/usr/bin/afl-tmin
/usr/lib/afl/afl-as
/usr/bin/axc
/usr/bin/axi
/usr/bin/axl
/usr/bin/akonadi_agent_launcher
/usr/bin/akonadi_agent_server
/usr/bin/akonadi_control
/usr/bin/akonadictl
/usr/bin/akonadiselftest
/usr/games/alienblaster.bin
/usr/bin/alsamixergui
/usr/bin/amap
/usr/bin/ambdec
/usr/bin/ambdec_cli
/usr/games/amph
/usr/bin/amsynth
/usr/lib/dssi/amsynth_dssi/amsynth_dssi_gtk
/usr/games/animals
/usr/bin/ann2fig
/usr/bin/ann_sample
/usr/bin/ann_test
/usr/games/antigrav
/usr/bin/antpm-garmin-ant-downloader
/usr/bin/apt
/usr/bin/apt-cache
/usr/bin/apt-cdrom
/usr/bin/apt-config
/usr/bin/apt-get
/usr/bin/apt-mark
/usr/lib/apt/apt-helper
/usr/lib/apt/methods/cdrom
/usr/lib/apt/methods/copy
/usr/lib/apt/methods/file
/usr/lib/apt/methods/ftp
/usr/lib/apt/methods/gpgv
/usr/lib/apt/methods/http
/usr/lib/apt/methods/mirror
/usr/lib/apt/methods/rred
/usr/lib/apt/methods/rsh
/usr/lib/apt/methods/store
/usr/lib/apt/solvers/dump
/usr/bin/apt-extracttemplates
/usr/bin/apt-ftparchive
/usr/bin/apt-sortpkgs
/usr/lib/apt/planners/apt
/usr/lib/apt/solvers/apt
/usr/bin/aratapif
/usr/lib/ardour6/ardour-exec-wrapper
/usr/lib/ardour6/ardour-request-device
/usr/lib/ardour6/ardour-vst-scanner
/usr/lib/ardour6/hardour-6.5.0~ds0
/usr/lib/ardour6/sanityCheck
/usr/bin/aria2c
/usr/bin/astyle
/usr/bin/AtomicParsley
/usr/bin/aln2wig
/usr/bin/bam2hints
/usr/bin/bam2wig
/usr/bin/compileSpliceCands
/usr/bin/filterBam
/usr/bin/joingenes
/usr/bin/prepareAlign
/usr/games/auralquiz
/usr/bin/autogrid4
/usr/bin/bbtime
/usr/bin/bcpp
/usr/games/berusky2
/usr/games/Between
/usr/bin/bibletime
/usr/games/billard-gl
/usr/bin/bitstormlite
/usr/bin/blackbox
/usr/bin/bsetroot
/usr/bin/bstyleconvert
/usr/games/blobAndConquer
/usr/games/bloboats
/usr/games/blobwars
/usr/bin/boats
/usr/bin/bochs-bin
/usr/bin/bxhub
/usr/bin/boinc
/usr/bin/boinccmd
/usr/lib/boinc-client/switcher
/usr/bin/boincmgr
/usr/bin/bomstrip
/usr/bin/bon_csv2html
/usr/bin/generate_randfile
/usr/sbin/bonnie++
/usr/sbin/getc_putc
/usr/sbin/getc_putc_helper
/usr/sbin/zcav
/usr/bin/boxes
/usr/games/brainparty
/usr/games/briquolo
/usr/games/btanks
/usr/bin/bximage
/usr/bin/cantata
/usr/lib/cantata/cantata-replaygain
/usr/lib/cantata/cantata-tags
/usr/bin/cb2bib
/usr/bin/cccc
/usr/bin/cdargs
/usr/bin/cdck
/usr/bin/cdcover
/usr/lib/cd-hit/cd-hit
/usr/lib/cd-hit/cd-hit-2d
/usr/lib/cd-hit/cd-hit-454
/usr/lib/cd-hit/cd-hit-div
/usr/lib/cd-hit/cd-hit-est
/usr/lib/cd-hit/cd-hit-est-2d
/usr/games/ceferino
/usr/games/ceferinoeditor
/usr/games/ceferinosetup
/usr/bin/choqok
/usr/bin/classified-ads
/usr/bin/clementine-tagreader
/usr/bin/ClonalFrame
/usr/bin/CloudCompare
/usr/bin/ccViewer
/usr/lib/coco-cpp/Coco
/usr/bin/codelite
/usr/bin/codelite-make
/usr/lib/codelite/codelite-cc
/usr/lib/codelite/codelite-echo
/usr/lib/codelite/codelite-terminal
/usr/lib/codelite/codelite_indexer
/usr/bin/codfis
/usr/bin/collatinus
/usr/games/colorcode
/usr/bin/colortail
/usr/bin/concalc
/usr/games/connectagram
/usr/games/crack-attack
/usr/bin/crashexport
/usr/bin/crashgetnode
/usr/bin/crashlist
/usr/bin/crashlistout
/usr/bin/crashmail
/usr/bin/crashmaint
/usr/bin/crashstats
/usr/bin/crashwrite
/usr/bin/critterding
/usr/bin/cruft-ng
/usr/bin/csmith
/usr/bin/csstidy
/usr/games/Cultivation
/usr/bin/CuraEngine
/usr/bin/cutycapt
/usr/bin/cvsaskpass
/usr/bin/cvsservice5
/usr/bin/danmaQ
/usr/bin/dar_split
/usr/bin/dbeacon
/usr/bin/debconf-kde-helper
/usr/bin/dgedit
/usr/bin/dianara
/usr/sbin/dibbler-relay
/usr/bin/dicomhead
/usr/bin/dinifti
/usr/bin/dictconv
/usr/bin/diffpdf
/usr/bin/dxf2vrml
/usr/bin/dxfsphere
/usr/bin/ITGDec
/usr/bin/ITGLog
/usr/bin/ITGManager
/usr/bin/ITGRecv
/usr/bin/doxyindexer
/usr/bin/doxysearch.cgi
/usr/bin/doxywizard
/usr/bin/dradio
/usr/bin/dsdp5
/usr/bin/maxcut
/usr/bin/theta
/usr/bin/dselect
/usr/bin/btcflash
/usr/bin/dvd+rw-booktype
/usr/bin/dvd+rw-mediainfo
/usr/bin/dvd-ram-control
/usr/bin/rpl8
/usr/bin/eancheck
/usr/bin/ebook2cwgui
/usr/bin/encfsctl
/usr/games/enemylines7
/usr/bin/eqonomize
/usr/bin/espeak
/usr/sbin/famd
/usr/bin/FBReader
/usr/bin/felix
/usr/bin/fzputtygen
/usr/bin/fzsftp
/usr/bin/firejail-ui
/usr/bin/firetools
/usr/lib/firetools/fmgr
/usr/lib/firetools/fstats
/usr/games/flare
/usr/bin/QuadraticSieve
/usr/games/flblocks
/usr/games/flcheckers
/usr/games/flsudoku
/usr/bin/fluid
/usr/bin/flvstreamer
/usr/bin/streams
/usr/bin/flwm
/usr/bin/fontmatrix
/usr/bin/fotoxx
/usr/bin/fqterm.bin
/usr/bin/fractalnow
/usr/bin/qfractalnow
/usr/games/dfarc
/usr/games/fruit
/usr/bin/cfte
/usr/bin/vfte
/usr/bin/sfte
/usr/bin/xfte
/usr/games/gbnclient
/usr/games/gbnrobot
/usr/games/gbnserver
/usr/bin/gbgoffice
/usr/bin/gdal_contour
/usr/bin/gdal_create
/usr/bin/gdal_grid
/usr/bin/gdal_rasterize
/usr/bin/gdal_translate
/usr/bin/gdal_viewshed
/usr/bin/gdaladdo
/usr/bin/gdalbuildvrt
/usr/bin/gdaldem
/usr/bin/gdalenhance
/usr/bin/gdalinfo
/usr/bin/gdallocationinfo
/usr/bin/gdalmanage
/usr/bin/gdalmdiminfo
/usr/bin/gdalmdimtranslate
/usr/bin/gdalsrsinfo
/usr/bin/gdaltindex
/usr/bin/gdaltransform
/usr/bin/gdalwarp
/usr/bin/gnmanalyse
/usr/bin/gnmmanage
/usr/bin/nearblack
/usr/bin/ogr2ogr
/usr/bin/ogrinfo
/usr/bin/ogrlineref
/usr/bin/ogrtindex
/usr/bin/testepsg
/sbin/cgdisk
/sbin/fixparts
/sbin/gdisk
/sbin/sgdisk
/usr/bin/geg
/usr/bin/ghemical
/usr/bin/akaidump
/usr/bin/akaiextract
/usr/bin/dlsdump
/usr/bin/gig2mono
/usr/bin/gig2stereo
/usr/bin/gigdump
/usr/bin/gigextract
/usr/bin/gigmerge
/usr/bin/korgdump
/usr/bin/rifftree
/usr/bin/sf2dump
/usr/games/glaurung
/usr/games/glpeces
/usr/games/gmult
/usr/bin/gopchop
/usr/bin/gtkspu
/usr/bin/mpegcat
/usr/bin/gperf
/usr/bin/gpsim
/usr/games/Gravitation
/usr/bin/grfid
/usr/bin/grfstrip
/usr/lib/GNUstep/Applications/Gridlock.app/Gridlock
/usr/bin/addftinfo
/usr/bin/grn
/usr/bin/grodvi
/usr/bin/grolbp
/usr/bin/grolj4
/usr/bin/gxditview
/usr/bin/hpftodit
/usr/bin/indxbib
/usr/bin/lkbib
/usr/bin/lookbib
/usr/bin/pfbtops
/usr/bin/post-grohtml
/usr/bin/pre-grohtml
/usr/bin/refer
/usr/bin/tfmtodit
/usr/bin/xtotroff
/usr/bin/eqn
/usr/bin/groff
/usr/bin/grops
/usr/bin/grotty
/usr/bin/pic
/usr/bin/preconv
/usr/bin/soelim
/usr/bin/tbl
/usr/bin/troff
/usr/games/groundhog
/usr/bin/dvd+rw-format
/usr/bin/growisofs
/usr/bin/gst123
/usr/bin/guymager
/usr/bin/gvidm
/usr/bin/gxtuner
/usr/sbin/havp
/usr/bin/heimdall
/usr/bin/heimdall-frontend
/usr/games/hex-a-hop
/usr/games/hexalate
/usr/lib/horgand/horgand
/usr/bin/htdb_dump
/usr/bin/htdb_load
/usr/bin/htdb_stat
/usr/bin/htdig
/usr/bin/htdump
/usr/bin/htfuzzy
/usr/bin/htload
/usr/bin/htmerge
/usr/bin/htnotify
/usr/bin/htpurge
/usr/bin/htstat
/usr/lib/cgi-bin/htsearch
/usr/lib/cgi-bin/qtest
/usr/bin/html2text
/usr/bin/PTBatcherGUI
/usr/bin/hugin_stitch_project
/usr/bin/cpclean
/usr/bin/geocpset
/usr/bin/hugin_executor
/usr/bin/hugin_lensdb
/usr/bin/icpfind
/usr/bin/nona
/usr/bin/pano_modify
/usr/bin/pano_trafo
/usr/bin/pto_gen
/usr/bin/pto_lensstack
/usr/bin/pto_mask
/usr/bin/pto_merge
/usr/bin/pto_move
/usr/bin/pto_template
/usr/bin/pto_var
/usr/lib/ibus-mozc/ibus-engine-mozc
/usr/lib/icecc/compilerwrapper
/usr/bin/icehelp
/usr/bin/icesh
/usr/bin/icesound
/usr/bin/icewm
/usr/bin/icewm-session
/usr/bin/icewmbg
/usr/bin/icewmhint
/usr/bin/id3v2
/usr/bin/indi_aaf2_focus
/usr/bin/indi_arduinost4
/usr/bin/indi_astromech_lpm
/usr/bin/indi_astrometry
/usr/bin/indi_baader_dome
/usr/bin/indi_celestron_gps
/usr/bin/indi_celestron_sct_focus
/usr/bin/indi_crux_mount
/usr/bin/indi_deepskydad_af1_focus
/usr/bin/indi_deepskydad_af2_focus
/usr/bin/indi_deepskydad_af3_focus
/usr/bin/indi_dmfc_focus
/usr/bin/indi_eval
/usr/bin/indi_fcusb_focus
/usr/bin/indi_flipflat
/usr/bin/indi_gemini_focus
/usr/bin/indi_getprop
/usr/bin/indi_gpusb
/usr/bin/indi_hid_test
/usr/bin/indi_hitecastrodc_focus
/usr/bin/indi_ieq_telescope
/usr/bin/indi_ieqlegacy_telescope
/usr/bin/indi_imager_agent
/usr/bin/indi_integra_focus
/usr/bin/indi_ioptronv3_telescope
/usr/bin/indi_joystick
/usr/bin/indi_lacerta_mfoc_focus
/usr/bin/indi_lakeside_focus
/usr/bin/indi_lx200_TeenAstro
/usr/bin/indi_lx200basic
/usr/bin/indi_lx200generic
/usr/bin/indi_lynx_focus
/usr/bin/indi_manual_wheel
/usr/bin/indi_meta_weather
/usr/bin/indi_microtouch_focus
/usr/bin/indi_moonlite_focus
/usr/bin/indi_moonlitedro_focus
/usr/bin/indi_myfocuserpro2_focus
/usr/bin/indi_nfocus
/usr/bin/indi_nightcrawler_focus
/usr/bin/indi_nstep_focus
/usr/bin/indi_onfocus_focus
/usr/bin/indi_openweathermap_weather
/usr/bin/indi_perfectstar_focus
/usr/bin/indi_pmc8_telescope
/usr/bin/indi_pyxis_rotator
/usr/bin/indi_qhycfw1_wheel
/usr/bin/indi_qhycfw2_wheel
/usr/bin/indi_qhycfw3_wheel
/usr/bin/indi_quantum_wheel
/usr/bin/indi_rainbowrsf_focus
/usr/bin/indi_rbfocus_focus
/usr/bin/indi_robo_focus
/usr/bin/indi_rolloff_dome
/usr/bin/indi_scopedome_dome
/usr/bin/indi_script_dome
/usr/bin/indi_script_telescope
/usr/bin/indi_sestosenso2_focus
/usr/bin/indi_sestosenso_focus
/usr/bin/indi_setprop
/usr/bin/indi_siefs_focus
/usr/bin/indi_simulator_ccd
/usr/bin/indi_simulator_dome
/usr/bin/indi_simulator_focus
/usr/bin/indi_simulator_gps
/usr/bin/indi_simulator_guide
/usr/bin/indi_simulator_rotator
/usr/bin/indi_simulator_spectrograph
/usr/bin/indi_simulator_sqm
/usr/bin/indi_simulator_telescope
/usr/bin/indi_simulator_weather
/usr/bin/indi_simulator_wheel
/usr/bin/indi_skycommander_telescope
/usr/bin/indi_skysafari
/usr/bin/indi_skywatcherAltAzMount
/usr/bin/indi_skywatcherAltAzSimple
/usr/bin/indi_smartfocus_focus
/usr/bin/indi_snapcap
/usr/bin/indi_star2000
/usr/bin/indi_steeldrive_focus
/usr/bin/indi_synscan_telescope
/usr/bin/indi_synscanlegacy_telescope
/usr/bin/indi_tcfs_focus
/usr/bin/indi_temma_telescope
/usr/bin/indi_trutech_wheel
/usr/bin/indi_usbdewpoint
/usr/bin/indi_usbfocusv3_focus
/usr/bin/indi_v4l2_ccd
/usr/bin/indi_vantage_weather
/usr/bin/indi_watchdog
/usr/bin/indi_watcher_weather
/usr/bin/indi_weather_safety_proxy
/usr/bin/indi_xagyl_wheel
/usr/bin/indiserver
/usr/bin/inkscape
/usr/bin/inkview
/usr/bin/iptux
/usr/bin/irony-server
/usr/bin/iverilog
/usr/bin/vvp
/usr/lib/x86_64-linux-gnu/ivl/ivl
/usr/lib/x86_64-linux-gnu/ivl/ivlpp
/usr/lib/x86_64-linux-gnu/ivl/vhdlpp
/usr/bin/jaaa
/usr/games/jigzo
/usr/bin/kalgebramobile
/usr/games/kawari_decode2
/usr/games/kawari_encode
/usr/games/kawari_encode2
/usr/games/kosui
/usr/games/kball
/usr/bin/kbruch
/usr/bin/bld_signames
/usr/bin/kDepIDB
/usr/bin/kDepObj
/usr/bin/kDepPre
/usr/bin/kObjCache
/usr/bin/kmk
/usr/bin/kmk_append
/usr/bin/kmk_ash
/usr/bin/kmk_cat
/usr/bin/kmk_chmod
/usr/bin/kmk_cmp
/usr/bin/kmk_cp
/usr/bin/kmk_echo
/usr/bin/kmk_expr
/usr/bin/kmk_gmake
/usr/bin/kmk_install
/usr/bin/kmk_ln
/usr/bin/kmk_md5sum
/usr/bin/kmk_mkdir
/usr/bin/kmk_mv
/usr/bin/kmk_printf
/usr/bin/kmk_redirect
/usr/bin/kmk_rm
/usr/bin/kmk_rmdir
/usr/bin/kmk_sed
/usr/bin/kmk_sleep
/usr/bin/kmk_test
/usr/bin/kmk_time
/usr/bin/kmk_touch
/usr/bin/kcharselect
/usr/bin/kchmviewer
/usr/bin/kcollectd
/usr/bin/kcolorchooser
/usr/bin/kde_wacom_tabletfinder
/usr/bin/keepassx
/usr/bin/curconvd
/usr/bin/keurocalc
/usr/bin/kfloppy
/usr/bin/kgb
/usr/bin/kgeography
/usr/bin/idfcyl
/usr/bin/idfrect
/usr/bin/kid3-qt
/usr/bin/klatexformula
/usr/bin/klog
/usr/bin/kmc
/usr/bin/kmc_dump
/usr/bin/kmplayer
/usr/bin/knpplayer
/usr/bin/kphononplayer
/usr/bin/kpartloader
/usr/bin/kpa-thumbnailtool
/usr/bin/findcontact
/usr/bin/kraft
/usr/bin/krita
/usr/bin/krita_version
/usr/bin/kritarunner
/usr/bin/kshutdown
/usr/bin/kst2
/usr/bin/ksysguardd
/usr/bin/ktikz
/usr/bin/ktimetracker
/usr/bin/ibanchk
/usr/bin/ktoblzcheck
/usr/bin/kwalletcli
/usr/bin/kwave
/usr/bin/kwrite
/usr/lib/last-align/last-merge-batches-avx
/usr/lib/last-align/last-merge-batches-avx2
/usr/lib/last-align/last-merge-batches-sse2
/usr/lib/last-align/last-merge-batches-sse3
/usr/lib/last-align/last-merge-batches-sse4.1
/usr/lib/last-align/last-merge-batches-ssse3
/usr/bin/lcalc
/usr/bin/citygmltest
/usr/bin/ctemplate-diff_tpl_auto_escape
/usr/bin/ctemplate-make_tpl_varnames_h
/usr/bin/libdkimtest
/usr/bin/reswrap-1.6
/usr/bin/gdcmanon
/usr/bin/gdcmconv
/usr/bin/gdcmdiff
/usr/bin/gdcmgendir
/usr/bin/gdcmimg
/usr/bin/gdcminfo
/usr/bin/gdcmpap3
/usr/bin/gdcmpdf
/usr/bin/gdcmscanner
/usr/bin/gdcmscu
/usr/bin/gdcmtar
/usr/bin/gdcmxml
/usr/lib/x86_64-linux-gnu/gstreamermm-1.0/gen/generate_plugin_gmmproc_file
/usr/bin/mathmlsvg
/usr/bin/mathmlviewer
/usr/bin/id3convert
/usr/bin/id3cp
/usr/bin/id3info
/usr/bin/id3tag
/usr/bin/libtest
/usr/bin/notQttest
/usr/bin/nxcl
/usr/bin/nxcmd
/usr/bin/fwexec
/usr/bin/fwflash
/usr/bin/mkoctfile
/usr/bin/octave-config
/usr/lib/libreoffice/program/oosplash
/usr/lib/libreoffice/program/opencltest
/usr/lib/libreoffice/program/soffice.bin
/usr/lib/libreoffice/program/unopkg.bin
/usr/lib/libreoffice/program/uri-encode
/usr/lib/libreoffice/program/xpdfimport
/usr/bin/scls
/usr/bin/scpr
/usr/bin/ecppl
/usr/bin/tolua++5.1
/usr/bin/gdcm2pnm
/usr/bin/gdcm2vtk
/usr/bin/gdcmviewer
/usr/lib/libwaili/test/Demo
/usr/lib/libwaili/test/Example
/usr/lib/libwaili/test/Histogram
/usr/lib/libwaili/test/Proof
/usr/lib/libwaili/test/Rangecheck
/usr/lib/libwaili/test/Test
/usr/bin/wpg2raw
/usr/bin/wpg2svg
/usr/lib/x86_64-linux-gnu/lilypond/2.22.0/bin/guile-1.8
/usr/lib/x86_64-linux-gnu/lilypond/2.22.0/bin/lilypond
/usr/bin/lmms
/usr/lib/x86_64-linux-gnu/lmms/RemoteZynAddSubFx
/usr/games/lordsawar
/usr/games/lordsawar-game-host-client
/usr/games/lordsawar-game-host-server
/usr/games/lordsawar-game-list-client
/usr/games/lordsawar-game-list-server
/usr/games/lordsawar-import
/usr/bin/lshw
/usr/bin/lshw-gtk
/usr/bin/lt-proc
/usr/bin/lt-tmxcomp
/usr/bin/lt-tmxproc
/usr/bin/luckybackup
/usr/bin/m16c-flash
/usr/bin/mailsync
/usr/bin/mailtextbody
/usr/bin/mangler
/usr/bin/mapcode
/usr/bin/maq
/usr/bin/massxpert
/usr/bin/meep
/usr/bin/merkaartor
/usr/bin/metacam
/usr/bin/microdc2
/usr/bin/milkytracker
/usr/bin/minitube
/usr/bin/miwm
/usr/bin/mkcue
/usr/bin/mm3d
/usr/bin/mpdas
/usr/bin/mm
/usr/bin/mumble
/usr/bin/combineMUMs
/usr/bin/delta-filter
/usr/bin/delta2blocks
/usr/bin/delta2maf
/usr/bin/gaps
/usr/bin/mgaps
/usr/bin/mummer
/usr/bin/mummer-annotate
/usr/bin/repeat-match
/usr/bin/show-aligns
/usr/bin/show-coords
/usr/bin/show-diff
/usr/bin/show-snps
/usr/bin/show-tiling
/usr/lib/mummer/postnuc
/usr/lib/mummer/postpro
/usr/lib/mummer/prenuc
/usr/lib/mummer/prepro
/usr/bin/muscle
/usr/bin/grepmidi
/usr/bin/muse
/usr/bin/muse_plugin_scan
/usr/bin/mustang
/usr/bin/nam
/usr/bin/blastdb_path
/usr/bin/convert2blastmask
/usr/bin/gene_info_reader
/usr/bin/makembindex
/usr/bin/seqdb_perf
/usr/bin/windowmasker
/usr/bin/ncatted
/usr/bin/ncbo
/usr/bin/ncecat
/usr/bin/ncflint
/usr/bin/ncks
/usr/bin/ncpdq
/usr/bin/ncra
/usr/bin/ncrename
/usr/bin/ncwa
/usr/sbin/nethogs
/usr/bin/nifti1_tool
/usr/bin/nifti_stats
/usr/bin/nifti_tool
/usr/games/njam
/usr/bin/nload
/usr/bin/nmapsi4
/usr/bin/node
/usr/bin/nqc
/usr/bin/ns3.31-bench-packets
/usr/bin/ns3.31-bench-simulator
/usr/bin/ns3.31-print-introspected-doxygen
/usr/bin/ns3.31-raw-sock-creator
/usr/bin/ns3.31-tap-creator
/usr/bin/ns3.31-tap-device-creator
/usr/bin/numlockx
/usr/bin/nxproxy
/usr/bin/nzbget
/usr/bin/octave
/usr/bin/octave-cli
/usr/libexec/octave/6.2.0/exec/x86_64-pc-linux-gnu/octave-gui
/usr/libexec/octave/6.2.0/exec/x86_64-pc-linux-gnu/octave-svgconvert
/usr/bin/ola_artnet
/usr/bin/ola_dev_info
/usr/bin/ola_dmxconsole
/usr/bin/ola_dmxmonitor
/usr/bin/ola_e131
/usr/bin/ola_rdm_discover
/usr/bin/ola_rdm_get
/usr/bin/ola_recorder
/usr/bin/ola_streaming_client
/usr/bin/ola_timecode
/usr/bin/ola_trigger
/usr/bin/ola_uni_stats
/usr/bin/ola_usbpro
/usr/bin/olad
/usr/bin/rdmpro_sniffer
/usr/bin/usbpro_firmware
/usr/games/nsaconv
/usr/games/nsadec
/usr/games/onscripter
/usr/games/onscripter-1byte
/usr/games/sardec
/usr/lib/games/onscripter/simple_aviplay
/usr/bin/obabel
/usr/bin/obconformer
/usr/bin/obdistgen
/usr/bin/obenergy
/usr/bin/obfit
/usr/bin/obfitall
/usr/bin/obgen
/usr/bin/obgrep
/usr/bin/obminimize
/usr/bin/obmm
/usr/bin/obprobe
/usr/bin/obprop
/usr/bin/obrms
/usr/bin/obrotamer
/usr/bin/obrotate
/usr/bin/obspectrophore
/usr/bin/obsym
/usr/bin/obtautomer
/usr/bin/obthermo
/usr/bin/exr2aces
/usr/bin/exrheader
/usr/bin/exrmakepreview
/usr/bin/exrmultipart
/usr/games/open-invaders
/usr/games/snipe2d
/usr/bin/osmpbf-outline
/usr/bin/ossim-adrg-dump
/usr/bin/ossim-applanix2ogeom
/usr/bin/ossim-autreg
/usr/bin/ossim-band-merge
/usr/bin/ossim-btoa
/usr/bin/ossim-chgkwval
/usr/bin/ossim-chipper
/usr/bin/ossim-cli
/usr/bin/ossim-cmm
/usr/bin/ossim-computeSrtmStats
/usr/bin/ossim-correl
/usr/bin/ossim-create-bitmask
/usr/bin/ossim-create-cg
/usr/bin/ossim-create-histo
/usr/bin/ossim-deg2dms
/usr/bin/ossim-dms2deg
/usr/bin/ossim-dump-ocg
/usr/bin/ossim-envi-cg
/usr/bin/ossim-equation
/usr/bin/ossim-extract-vertices
/usr/bin/ossim-header-crawl
/usr/bin/ossim-icp
/usr/bin/ossim-igen
/usr/bin/ossim-img2md
/usr/bin/ossim-img2rr
/usr/bin/ossim-info
/usr/bin/ossim-modopt
/usr/bin/ossim-mosaic
/usr/bin/ossim-ogeom2ogeom
/usr/bin/ossim-orthoigen
/usr/bin/ossim-pc2dem
/usr/bin/ossim-pixelflip
/usr/bin/ossim-plot-histo
/usr/bin/ossim-preproc
/usr/bin/ossim-project-point
/usr/bin/ossim-prune
/usr/bin/ossim-rejout
/usr/bin/ossim-rpf
/usr/bin/ossim-senint
/usr/bin/ossim-space-imaging
/usr/bin/ossim-src2src
/usr/bin/ossim-swapbytes
/usr/bin/ossim-tfw2ogeom
/usr/bin/ossim-tool-client
/usr/bin/ossim-tool-server
/usr/bin/ossim-viirs-proc
/usr/bin/ossim-ws-cmp
/usr/games/pacman
/usr/bin/pbm_findskew
/usr/bin/tiff_findskew
/usr/games/Passage
/usr/bin/pbsim
/usr/bin/pbzip2
/usr/bin/pcmanx
/usr/bin/pdfchain
/usr/bin/pdfgrep
/usr/bin/pdftoipe
/usr/games/peg-e
/usr/games/peg-solitaire
/usr/bin/p2wgui
/usr/bin/pgn2web
/usr/bin/photoflare
/usr/bin/pi
/usr/bin/pinot
/usr/bin/pinot-dbus-daemon
/usr/bin/pinot-index
/usr/bin/pinot-label
/usr/bin/pinot-search
/usr/games/running-bear
/usr/lib/debian-med/bin/plink
/usr/bin/lzip.plzip
/usr/bin/ponyprog
/usr/bin/pdfattach
/usr/bin/pdfdetach
/usr/bin/pdffonts
/usr/bin/pdfimages
/usr/bin/pdfinfo
/usr/bin/pdfseparate
/usr/bin/pdfsig
/usr/bin/pdftocairo
/usr/bin/pdftohtml
/usr/bin/pdftoppm
/usr/bin/pdftops
/usr/bin/pdftotext
/usr/bin/pdfunite
/usr/bin/posterazor
/usr/sbin/powertop
/usr/bin/po2xml
/usr/bin/split2po
/usr/bin/swappo
/usr/bin/xml2pot
/usr/bin/praat_nogui
/usr/bin/sendpraat
/usr/games/Primrose
/usr/bin/probcons
/usr/bin/probcons-RNA
/usr/bin/pc-compare
/usr/bin/pc-makegnuplot
/usr/bin/pc-project
/usr/bin/proda
/usr/bin/protoc
/usr/bin/psi
/usr/bin/psi3
/usr/lib/psi/ccdensity
/usr/lib/psi/ccenergy
/usr/lib/psi/cceom
/usr/lib/psi/cchbar
/usr/lib/psi/cclambda
/usr/lib/psi/ccresponse
/usr/lib/psi/ccsort
/usr/lib/psi/cctriples
/usr/lib/psi/cis
/usr/lib/psi/clag
/usr/lib/psi/cphf
/usr/lib/psi/cscf
/usr/lib/psi/detcas
/usr/lib/psi/detcasman
/usr/lib/psi/detci
/usr/lib/psi/extrema
/usr/lib/psi/geom
/usr/lib/psi/input
/usr/lib/psi/intder
/usr/lib/psi/localize
/usr/lib/psi/mcscf
/usr/lib/psi/mocube
/usr/lib/psi/mp2
/usr/lib/psi/mp2r12
/usr/lib/psi/nonbonded
/usr/lib/psi/oeprop
/usr/lib/psi/psi2molden
/usr/lib/psi/psiclean
/usr/lib/psi/psimrcc
/usr/lib/psi/response
/usr/lib/psi/stable
/usr/lib/psi/tocprint
/usr/lib/psi/transqt
/usr/lib/psi/transqt2
/usr/bin/pstoedit
/usr/bin/q4wine
/usr/bin/q4wine-cli
/usr/bin/q4wine-helper
/usr/bin/qalc
/usr/bin/qasconfig
/usr/bin/qasmixer
/usr/bin/qbrew
/usr/bin/qdacco
/usr/bin/qelectrotech
/usr/lib/qgis/grass/modules/qgis.d.rast7
/usr/lib/qgis/grass/modules/qgis.g.info7
/usr/lib/qgis/grass/modules/qgis.r.in7
/usr/lib/qgis/grass/modules/qgis.v.in7
/usr/lib/qgis/crssync
/usr/bin/qjoypad
/usr/bin/qmaptool
/usr/bin/qmt_map2jnx
/usr/bin/qmmp
/usr/bin/qprogram-starter
/usr/bin/qsampler
/usr/bin/qshutdown
/usr/bin/qspeakers
/usr/bin/qstardict
/usr/bin/qsynth
/usr/bin/qtcreator
/usr/libexec/qtcreator/buildoutputparser
/usr/libexec/qtcreator/cplusplus-keywordgen
/usr/libexec/qtcreator/perf2text
/usr/libexec/qtcreator/perfparser
/usr/libexec/qtcreator/qml2puppet
/usr/libexec/qtcreator/qtc-askpass
/usr/libexec/qtcreator/qtcreator_process_stub
/usr/libexec/qtcreator/qtpromaker
/usr/libexec/qtcreator/sdktool
/usr/libexec/qtcreator/valgrind-fake
/usr/bin/qterm
/usr/bin/qtikz
/usr/bin/qtpass
/usr/bin/qtractor
/usr/lib/x86_64-linux-gnu/qtractor/qtractor_plugin_scan
/usr/bin/qutemol
/usr/games/rafkill
/usr/lib/reapr/bam2fcdEstimate
/usr/lib/reapr/bam2fragCov
/usr/lib/reapr/bam2insert
/usr/lib/reapr/bam2perfect
/usr/lib/reapr/fa2gaps
/usr/lib/reapr/fa2gc
/usr/lib/reapr/make_plots
/usr/lib/reapr/n50
/usr/lib/reapr/scaff2contig
/usr/lib/reapr/task_break
/usr/lib/reapr/task_fcdrate
/usr/lib/reapr/task_gapresize
/usr/lib/reapr/task_score
/usr/lib/reapr/task_stats
/usr/bin/censuslookup
/usr/bin/regconcat
/usr/bin/regconvert
/usr/bin/regfiledump
/usr/bin/regfiletype
/usr/bin/retriangulate
/usr/bin/sigcensus
/usr/bin/tricensus
/usr/bin/trisetcmp
/usr/bin/rem2ps
/usr/bin/remind
/usr/games/rrootage
/usr/bin/rsakeyfind
/usr/bin/rsibreak
/usr/bin/convbin
/usr/bin/pos2kml
/usr/bin/rnx2rtcm
/usr/bin/rnx2rtkp
/usr/bin/rtkrcv
/usr/bin/str2str
/usr/bin/rtkconv_qt
/usr/bin/rtkget_qt
/usr/bin/rtklaunch_qt
/usr/bin/rtknavi_qt
/usr/bin/rtkplot_qt
/usr/bin/rtkpost_qt
/usr/bin/srctblbrows_qt
/usr/bin/strsvr_qt
/usr/bin/urxvt
/usr/bin/urxvtc
/usr/bin/urxvtd
/usr/bin/saga_cmd
/usr/bin/saga_gui
/usr/bin/sapphire
/usr/games/scorched3d
/usr/games/scummvm
/usr/bin/sddm
/usr/bin/sddm-greeter
/usr/lib/x86_64-linux-gnu/sddm/sddm-helper
/usr/bin/seafile-applet
/usr/bin/seaview
/usr/games/simutrans
/usr/bin/sipp
/usr/bin/slimlock
/usr/bin/sludge-floormaker
/usr/bin/sludge-projectmanager
/usr/bin/sludge-spritebankeditor
/usr/bin/sludge-translationeditor
/usr/bin/sludge-zbuffermaker
/usr/games/sludge-engine
/usr/bin/socnetv
/usr/bin/sosi2osm
/usr/bin/soundkonverter
/usr/bin/source-highlight
/usr/bin/source-highlight-settings
/usr/bin/spatialite-gui
/usr/bin/bcat
/usr/bin/ch_lab
/usr/bin/ch_track
/usr/bin/ch_utt
/usr/bin/ch_wave
/usr/bin/dp
/usr/bin/na_play
/usr/bin/na_record
/usr/bin/ngram_build
/usr/bin/ngram_test
/usr/bin/ols
/usr/bin/ols_test
/usr/bin/pda
/usr/bin/pitchmark
/usr/bin/scfg_make
/usr/bin/scfg_parse
/usr/bin/scfg_test
/usr/bin/scfg_train
/usr/bin/sig2fv
/usr/bin/sigfilter
/usr/bin/spectgen
/usr/bin/tilt_analysis
/usr/bin/tilt_synthesis
/usr/bin/viterbi
/usr/bin/wagon
/usr/bin/wagon_test
/usr/bin/wfst_build
/usr/bin/wfst_run
/usr/bin/spew
/usr/games/pr-downloader
/usr/bin/squizz
/usr/bin/srec_cat
/usr/bin/srec_cmp
/usr/bin/srec_info
/usr/games/starfighter
/usr/bin/starconvert
/usr/bin/starplot
/usr/games/stockfish
/usr/bin/subnetcalc
/usr/bin/svn-all-fast-export
/usr/bin/swfmill
/usr/bin/extract++
/usr/bin/index++
/usr/bin/search++
/usr/sbin/synaptic
/usr/bin/tcm
/usr/bin/tcmd
/usr/bin/tcmt
/usr/bin/text2ps
/usr/bin/tcpreen
/usr/bin/tea
/usr/games/teeworlds
/usr/bin/telnet-ssl
/usr/bin/ambiguous_words
/usr/bin/classifier_tester
/usr/bin/cntraining
/usr/bin/combine_lang_model
/usr/bin/combine_tessdata
/usr/bin/dawg2wordlist
/usr/bin/lstmeval
/usr/bin/lstmtraining
/usr/bin/merge_unicharsets
/usr/bin/mftraining
/usr/bin/set_unicharset_properties
/usr/bin/shapeclustering
/usr/bin/tesseract
/usr/bin/text2image
/usr/bin/unicharset_extractor
/usr/bin/wordlist2dawg
/usr/bin/tetrafile
/usr/bin/tetraproc
/usr/bin/texmaker
/usr/bin/texworks
/usr/lib/tigr-glimmer/test
/usr/lib/tigr-glimmer/uncovered
/usr/bin/terraingenerator
/usr/bin/tiled
/usr/bin/tmxrasterizer
/usr/bin/tmxviewer
/usr/games/toga2
/usr/games/Transcend
/usr/bin/traverso
/usr/bin/trend
/usr/games/triplane
/usr/games/trophy
/usr/bin/tudu
/usr/bin/tulip
/usr/bin/tulip_perspective
/usr/bin/tuxpaint-config
/usr/bin/uchardet
/usr/bin/uim-xim
/usr/bin/unalz
/usr/bin/unmass
/usr/bin/vbindiff
/usr/bin/vdr
/usr/lib/vdr/vdr-shutdown.wrapper
/usr/bin/verbiste
/usr/bin/verilator_bin
/usr/bin/verilator_bin_dbg
/usr/bin/verilator_coverage_bin_dbg
/usr/bin/VisualBoyAdvance
/usr/bin/vmpk
/usr/bin/voms-proxy-destroy2
/usr/bin/voms-proxy-fake
/usr/bin/voms-proxy-info2
/usr/bin/voms-proxy-init2
/usr/bin/voms-verify
/usr/bin/dtmfcheck
/usr/bin/measerl
/usr/bin/playwav
/usr/bin/proslicerl
/usr/bin/raw2wav
/usr/bin/recwav
/usr/bin/ringstat
/usr/bin/tonedebug
/usr/bin/tonegen
/usr/bin/tonetrain
/usr/bin/vdaaerl
/usr/bin/vpbecho
/usr/bin/vym
/usr/games/warmux
/usr/bin/webissues
/usr/bin/wfut
/usr/bin/wm2
/usr/bin/wmanager
/usr/bin/wmcdplay
/usr/lib/x86_64-linux-gnu/mate-applets/workrave-applet
/usr/sbin/wpa_gui
/usr/bin/wxrc
/usr/bin/wxHexEditor
/usr/bin/wxmaxima
/usr/bin/Xalan
/usr/bin/xalan
/usr/lib/xapian-examples/examples/simpleexpand
/usr/lib/xapian-examples/examples/simpleindex
/usr/lib/xapian-examples/examples/simplesearch
/usr/bin/omindex-list
/usr/bin/copydatabase
/usr/bin/quest
/usr/bin/xapian-check
/usr/bin/xapian-compact
/usr/bin/xapian-delve
/usr/bin/xapian-metadata
/usr/bin/xapian-pos
/usr/bin/xapian-progsrv
/usr/bin/xapian-replicate
/usr/bin/xapian-replicate-server
/usr/bin/xapian-tcpsrv
/usr/bin/cas_help
/usr/bin/icas
/usr/bin/xcas
/usr/bin/xchm
/usr/bin/xdrawchem
/usr/games/xmahjongg
/usr/bin/xosview
/usr/bin/xpdf.real
/usr/bin/xqilla
/usr/bin/dump_xsettings
/usr/bin/xsettingsd
/usr/bin/xyscan
/usr/bin/yabause-gtk
/usr/bin/yabause-qt
/usr/bin/yaskkserv_make_dictionary
/usr/sbin/yaskkserv_hairy
/usr/sbin/yaskkserv_normal
/usr/sbin/yaskkserv_simple
/usr/bin/yatm
/usr/bin/yoshimi
/bin/zcat
/bin/zcmp
/bin/zdiff
/bin/zgrep
/bin/ztest
/bin/zupdate
/usr/bin/zynaddsubfx-ext-gui
