/usr/bin/alsamixergui
/usr/bin/apt
/usr/bin/apt-config
/usr/lib/apt/solvers/dump
/usr/bin/aria2c
/usr/bin/AtomicParsley
/usr/bin/avarice
/usr/games/ballz
/usr/bin/bcpp
/usr/bin/bedtools
/usr/bin/bsetroot
/usr/bin/bstyleconvert
/usr/bin/bxhub
/usr/bin/bon_csv2html
/usr/bin/generate_randfile
/usr/sbin/getc_putc
/usr/sbin/getc_putc_helper
/usr/bin/boxes
/usr/bin/clustalw
/usr/lib/codelite/codelite-echo
/usr/bin/cruft-ng
/usr/bin/csmith
/usr/bin/ctorrent
/usr/bin/dictconv
/usr/bin/dxf2vrml
/usr/bin/dxfsphere
/usr/bin/dgvalidator
/usr/bin/drumgizmo
/usr/bin/dsdp5
/usr/bin/maxcut
/usr/bin/theta
/usr/bin/btcflash
/usr/bin/dvd+rw-booktype
/usr/bin/dvd+rw-mediainfo
/usr/bin/dvd-ram-control
/usr/bin/rpl8
/usr/bin/bardecode
/usr/bin/e2mtiff
/usr/bin/econvert
/usr/bin/edentify
/usr/bin/empty-page
/usr/bin/hocr2pdf
/usr/bin/optimize2bw
/usr/bin/ffmpegthumbnailer
/usr/bin/fzputtygen
/usr/bin/fzsftp
/usr/bin/cfityk
/usr/bin/QuadraticSieve
/usr/bin/flvstreamer
/usr/bin/streams
/usr/games/fruit
/usr/bin/cfte
/sbin/cgdisk
/sbin/fixparts
/sbin/gdisk
/sbin/sgdisk
/usr/games/glaurung
/usr/bin/gdl
/usr/bin/gperf
/usr/bin/gpsim
/usr/bin/addftinfo
/usr/bin/grn
/usr/bin/grodvi
/usr/bin/grolbp
/usr/bin/grolj4
/usr/bin/gxditview
/usr/bin/hpftodit
/usr/bin/indxbib
/usr/bin/lkbib
/usr/bin/lookbib
/usr/bin/pfbtops
/usr/bin/post-grohtml
/usr/bin/pre-grohtml
/usr/bin/refer
/usr/bin/tfmtodit
/usr/bin/xtotroff
/usr/bin/gsimplecal
/usr/bin/html2text
/usr/lib/icecc/compilerwrapper
/usr/sbin/icecc-scheduler
/usr/sbin/iceccd
/usr/bin/id3v2
/usr/bin/iverilog
/usr/lib/x86_64-linux-gnu/ivl/ivlpp
/usr/lib/x86_64-linux-gnu/ivl/vhdlpp
/usr/games/kball
/usr/bin/bld_signames
/usr/bin/kDepIDB
/usr/bin/kDepObj
/usr/bin/kDepPre
/usr/bin/kObjCache
/usr/bin/kmk_append
/usr/bin/kmk_cat
/usr/bin/kmk_chmod
/usr/bin/kmk_cmp
/usr/bin/kmk_cp
/usr/bin/kmk_echo
/usr/bin/kmk_expr
/usr/bin/kmk_gmake
/usr/bin/kmk_install
/usr/bin/kmk_ln
/usr/bin/kmk_md5sum
/usr/bin/kmk_mkdir
/usr/bin/kmk_mv
/usr/bin/kmk_printf
/usr/bin/kmk_redirect
/usr/bin/kmk_rm
/usr/bin/kmk_rmdir
/usr/bin/kmk_sleep
/usr/bin/kmk_test
/usr/bin/kmk_time
/usr/bin/kmk_touch
/usr/bin/littlewizard
/usr/bin/lshw
/usr/bin/lt-proc
/usr/bin/lt-tmxcomp
/usr/bin/lt-tmxproc
/usr/bin/lyxclient
/usr/bin/lzip.lzip
/usr/bin/metacam
/usr/bin/mkcue
/usr/sbin/monopd
/usr/bin/combineMUMs
/usr/bin/delta-filter
/usr/bin/delta2blocks
/usr/bin/delta2maf
/usr/bin/gaps
/usr/bin/mgaps
/usr/bin/mummer
/usr/bin/mummer-annotate
/usr/bin/repeat-match
/usr/bin/show-aligns
/usr/bin/show-coords
/usr/bin/show-diff
/usr/bin/show-snps
/usr/bin/show-tiling
/usr/lib/mummer/postnuc
/usr/lib/mummer/postpro
/usr/lib/mummer/prenuc
/usr/lib/mummer/prepro
/usr/bin/mustang
/usr/sbin/nethogs
/usr/bin/GenPat
/usr/bin/numlockx
/usr/bin/obabel
/usr/bin/obconformer
/usr/bin/obdistgen
/usr/bin/obenergy
/usr/bin/obfit
/usr/bin/obfitall
/usr/bin/obgen
/usr/bin/obgrep
/usr/bin/obminimize
/usr/bin/obmm
/usr/bin/obprobe
/usr/bin/obprop
/usr/bin/obrotamer
/usr/bin/obrotate
/usr/bin/obspectrophore
/usr/bin/obsym
/usr/bin/obthermo
/usr/bin/exr2aces
/usr/bin/exrenvmap
/usr/bin/exrmakepreview
/usr/bin/exrmaketiled
/usr/bin/exrmultipart
/usr/bin/exrmultiview
/usr/bin/exrstdattr
/usr/games/open-invaders
/usr/games/pacman
/usr/sbin/partimage
/usr/bin/pbzip2
/usr/bin/pdfgrep
/usr/bin/pkann
/usr/bin/pkannogr
/usr/bin/pkcrop
/usr/bin/pkdiff
/usr/bin/pkdsm2shadow
/usr/bin/pkegcs
/usr/bin/pkfilter
/usr/bin/pkfilterascii
/usr/bin/pkfilterdem
/usr/bin/pkfssvm
/usr/bin/pkinfo
/usr/bin/pkstat
/usr/bin/pkstatprofile
/usr/bin/pksvm
/usr/bin/pksvmogr
/usr/bin/lzip.plzip
/usr/sbin/powertop
/usr/bin/probcons
/usr/bin/probcons-RNA
/usr/bin/proda
/usr/bin/pstoedit
/usr/bin/qmt_map2jnx
/usr/libexec/qtcreator/qtcreator_process_stub
/usr/lib/x86_64-linux-gnu/qtractor/qtractor_plugin_scan
/usr/bin/retriangulate
/usr/bin/sigcensus
/usr/bin/rem2ps
/usr/bin/remind
/usr/bin/saga_cmd
/usr/sbin/smartctl
/usr/sbin/smartd
/usr/bin/check-regexp
/usr/bin/source-highlight
/usr/bin/source-highlight-settings
/usr/sbin/spamass-milter
/usr/bin/subnetcalc
/usr/bin/extract++
/usr/bin/index++
/usr/bin/search++
/usr/sbin/synaptic
/usr/bin/tetgen
/usr/lib/tigr-glimmer/anomaly
/usr/lib/tigr-glimmer/build-fixed
/usr/lib/tigr-glimmer/build-icm
/usr/lib/tigr-glimmer/entropy-profile
/usr/lib/tigr-glimmer/entropy-score
/usr/lib/tigr-glimmer/extract
/usr/lib/tigr-glimmer/multi-extract
/usr/lib/tigr-glimmer/score-fixed
/usr/lib/tigr-glimmer/start-codon-distrib
/usr/lib/tigr-glimmer/test
/usr/lib/tigr-glimmer/uncovered
/usr/lib/tigr-glimmer/window-acgt
/usr/lib/x86_64-linux-gnu/torcs/nfs2ac-bin
/usr/games/trophy
/usr/bin/tuxpaint-config
/usr/bin/unalz
/usr/bin/upx-ucl
/usr/bin/vbindiff
/usr/lib/vdr/vdr-shutdown.wrapper
/usr/lib/x86_64-linux-gnu/mate-applets/workrave-applet
/usr/bin/Xalan
/usr/games/xmahjongg
/usr/bin/xpdf.real
/usr/bin/dump_xsettings
/usr/bin/xsettingsd
/bin/zupdate
/usr/bin/ann2fig
/usr/bin/ann_sample
/usr/bin/ann_test
/usr/bin/apt-extracttemplates
/usr/bin/apt-sortpkgs
/usr/games/armagetronad-dedicated.real
/usr/lib/coco-cpp/Coco
/usr/bin/crashexport
/usr/bin/crashgetnode
/usr/bin/crashlist
/usr/bin/crashlistout
/usr/bin/crashmail
/usr/bin/crashmaint
/usr/bin/crashstats
/usr/bin/crashwrite
/usr/sbin/dibbler-relay
/usr/games/flblocks
/usr/games/flcheckers
/usr/games/flsudoku
/usr/bin/sfte
/usr/bin/xfte
/usr/bin/fullquottel
/usr/bin/gaffitter
/usr/bin/CartConvert
/usr/bin/ConicProj
/usr/bin/GeoConvert
/usr/bin/GeodSolve
/usr/bin/GeodesicProj
/usr/bin/GeoidEval
/usr/bin/Gravity
/usr/bin/MagneticField
/usr/bin/Planimeter
/usr/bin/RhumbSolve
/usr/bin/TransverseMercatorProj
/usr/bin/akaidump
/usr/bin/akaiextract
/usr/bin/dlsdump
/usr/bin/gig2mono
/usr/bin/gig2stereo
/usr/bin/gigdump
/usr/bin/gigextract
/usr/bin/gigmerge
/usr/bin/korg2gig
/usr/bin/korgdump
/usr/bin/rifftree
/usr/bin/sf2dump
/usr/bin/sf2extract
/usr/bin/dvd+rw-format
/usr/bin/growisofs
/usr/bin/gdcmanon
/usr/bin/gdcmconv
/usr/bin/gdcmdiff
/usr/bin/gdcmdump
/usr/bin/gdcmgendir
/usr/bin/gdcmimg
/usr/bin/gdcminfo
/usr/bin/gdcmpap3
/usr/bin/gdcmpdf
/usr/bin/gdcmraw
/usr/bin/gdcmscanner
/usr/bin/gdcmscu
/usr/bin/gdcmtar
/usr/bin/gdcmxml
/usr/bin/mkoctfile
/usr/bin/octave-config
/usr/bin/ecppl
/usr/bin/ecppll
/usr/lib/libwaili/test/Demo
/usr/lib/libwaili/test/Example
/usr/lib/libwaili/test/Rangecheck
/usr/bin/wpg2raw
/usr/bin/wpg2svg
/usr/bin/microdc2
/usr/bin/ossim-tool-client
/usr/bin/ossim-tool-server
/usr/bin/pdftoipe
/usr/bin/pi
/usr/bin/pdfattach
/usr/bin/pdfdetach
/usr/bin/pdffonts
/usr/bin/pdfimages
/usr/bin/pdfinfo
/usr/bin/pdfseparate
/usr/bin/pdfsig
/usr/bin/pdftohtml
/usr/bin/pdftoppm
/usr/bin/pdftops
/usr/bin/pdftotext
/usr/bin/pdfunite
/usr/bin/qalc
/usr/bin/tcpreen
/usr/bin/cas_help
/usr/bin/afl-analyze
/usr/bin/afl-fuzz
/usr/bin/afl-gotcpu
/usr/bin/afl-showmap
/usr/bin/afl-tmin
/usr/lib/afl/afl-as
/usr/bin/autogrid4
/usr/bin/boinccmd
/usr/lib/boinc-client/switcher
/usr/bin/bximage
/usr/bin/catcodec
/usr/bin/eancheck
/usr/bin/vfte
/usr/bin/indi_hid_test
/usr/bin/kelbt
/usr/bin/ibanchk
/usr/bin/libdkimtest
/usr/lib/x86_64-linux-gnu/gstreamermm-1.0/gen/generate_plugin_gmmproc_file
/usr/bin/id3convert
/usr/bin/id3cp
/usr/bin/id3info
/usr/bin/id3tag
/usr/bin/tolua++5.1
/usr/bin/minisat
/usr/bin/e-PCR
/usr/bin/fahash
/usr/bin/famap
/usr/bin/re-PCR
/usr/bin/nifti1_tool
/usr/bin/nifti_stats
/usr/bin/nifti_tool
/usr/bin/nxproxy
/usr/bin/parser3
/usr/sbin/partimaged
/usr/bin/pc-compare
/usr/bin/pc-makegnuplot
/usr/bin/pc-project
/usr/bin/protoc
/usr/bin/sapphire
/usr/bin/sfftobmp
/usr/games/makeobj
/usr/bin/tagcoll
/usr/bin/telnet-ssl
/usr/bin/ambiguous_words
/usr/bin/classifier_tester
/usr/bin/cntraining
/usr/bin/combine_lang_model
/usr/bin/combine_tessdata
/usr/bin/dawg2wordlist
/usr/bin/lstmeval
/usr/bin/lstmtraining
/usr/bin/merge_unicharsets
/usr/bin/mftraining
/usr/bin/set_unicharset_properties
/usr/bin/shapeclustering
/usr/bin/tesseract
/usr/bin/text2image
/usr/bin/unicharset_extractor
/usr/bin/wordlist2dawg
/usr/bin/terraingenerator
/usr/bin/tmxrasterizer
/usr/bin/verbiste
/usr/bin/voms-proxy-destroy2
/usr/bin/voms-proxy-fake
/usr/bin/voms-proxy-info2
/usr/bin/voms-proxy-init2
/usr/bin/voms-verify
/usr/bin/dtmfcheck
/usr/bin/measerl
/usr/bin/playwav
/usr/bin/proslicerl
/usr/bin/raw2wav
/usr/bin/recwav
/usr/bin/ringstat
/usr/bin/tonedebug
/usr/bin/tonegen
/usr/bin/tonetrain
/usr/bin/vdaaerl
/usr/bin/vpbecho
