/usr/bin/abiword 14488
/usr/bin/acetoneiso 1603824
/usr/bin/actexec 122728
/usr/bin/actiona 1114904
/usr/bin/aegisub-3.2 7734992
/usr/bin/aeolus 101992
/usr/bin/aesfix 19048
/usr/bin/aeskulap 805200
/usr/bin/aewm++ 64808
/usr/bin/aewm++_appbar 68888
/usr/bin/aewm++_fspanel 27552
/usr/bin/aewm++_setrootimage 43504
/usr/bin/aewm++_xsession 14312
/usr/bin/afl-analyze 47368
/usr/bin/afl-fuzz 260328
/usr/bin/afl-gcc 18584
/usr/bin/afl-gotcpu 14488
/usr/bin/afl-showmap 71920
/usr/bin/afl-tmin 76016
/usr/lib/afl/afl-as 30880
/usr/bin/axc 19112
/usr/bin/axd 93360
/usr/bin/axi 14880
/usr/bin/axl 19136
/usr/bin/akonadi_agent_launcher 18752
/usr/bin/akonadi_agent_server 84376
/usr/bin/akonadi_control 301472
/usr/bin/akonadi_rds 80280
/usr/bin/akonadictl 96656
/usr/bin/akonadiselftest 14656
/usr/bin/akonadiserver 2062824
/usr/bin/aldo 141528
/usr/bin/ale-bin 801752
/usr/games/alienblaster.bin 609056
/usr/bin/alsamixergui 62488
/usr/bin/amap 249784
/usr/bin/ambdec 100992
/usr/bin/ambdec_cli 55616
/usr/games/amph 222024
/usr/bin/amsynth 339464
/usr/lib/dssi/amsynth_dssi/amsynth_dssi_gtk 174456
/usr/bin/amule 6696976
/usr/games/animals 51880
/usr/bin/ann2fig 18592
/usr/bin/ann_sample 14512
/usr/bin/ann_test 51360
/usr/games/antigrav 100816
/usr/bin/antpm-downloader 847352
/usr/bin/antpm-fit2gpx 424408
/usr/bin/antpm-garmin-ant-downloader 72008
/usr/bin/antpm-usbmon2ant 450040
/usr/bin/anytun-config 524400
/usr/bin/anytun-controld 401408
/usr/bin/anytun-showtables 569560
/usr/sbin/anytun 705072
/usr/bin/apt 18664
/usr/bin/apt-cache 88376
/usr/bin/apt-cdrom 26936
/usr/bin/apt-config 26856
/usr/bin/apt-get 47416
/usr/bin/apt-mark 51512
/usr/lib/apt/apt-helper 39392
/usr/lib/apt/methods/cdrom 76088
/usr/lib/apt/methods/copy 59704
/usr/lib/apt/methods/file 59704
/usr/lib/apt/methods/ftp 149904
/usr/lib/apt/methods/gpgv 108856
/usr/lib/apt/methods/http 203072
/usr/lib/apt/methods/mirror 121144
/usr/lib/apt/methods/rred 88376
/usr/lib/apt/methods/rsh 72008
/usr/lib/apt/methods/store 63800
/usr/lib/apt/solvers/dump 22760
/usr/bin/aptitude-curses 4269520
/usr/bin/apt-extracttemplates 22848
/usr/bin/apt-ftparchive 276800
/usr/bin/apt-sortpkgs 39152
/usr/lib/apt/planners/apt 22848
/usr/lib/apt/solvers/apt 26944
/usr/bin/apvlv 264520
/usr/bin/aqemu 3276248
/usr/bin/aranym 4430112
/usr/bin/aranym-jit 5282176
/usr/bin/aranym-mmu 4590336
/usr/bin/aratapif 14496
/usr/lib/ardour6/ardour-6.5.0~ds0 18769784
/usr/lib/ardour6/ardour-exec-wrapper 14488
/usr/lib/ardour6/ardour-request-device 26856
/usr/lib/ardour6/ardour-vst-scanner 88392
/usr/lib/ardour6/ardour-vst3-scanner 125248
/usr/lib/ardour6/hardour-6.5.0~ds0 35496
/usr/lib/ardour6/sanityCheck 47344
/usr/lib/ardour6/utils/ardour6-copy-mixer 55640
/usr/lib/ardour6/utils/ardour6-export 59736
/usr/lib/ardour6/utils/ardour6-fix_bbtppq 88408
/usr/lib/ardour6/utils/ardour6-new_empty_session 39256
/usr/lib/ardour6/utils/ardour6-new_session 43360
/usr/bin/aria2c 14432
/usr/games/armagetronad-dedicated.real 1962984
/usr/games/asc 5836472
/usr/games/asc_demount 138976
/usr/games/asc_mapedit 4404224
/usr/games/asc_mount 151424
/usr/games/asc_weaponguide 1094368
/usr/bin/ac++ 32118352
/usr/bin/ag++ 364496
/usr/bin/astyle 530520
/usr/bin/AtomicParsley 342944
/usr/bin/aln2wig 18584
/usr/bin/augustus 2548440
/usr/bin/bam2hints 35936
/usr/bin/bam2wig 14488
/usr/bin/compileSpliceCands 22680
/usr/bin/etraining 2716376
/usr/bin/fastBlockSearch 281152
/usr/bin/filterBam 199008
/usr/bin/getSeq 2524120
/usr/bin/homGeneMapping 158496
/usr/bin/joingenes 158016
/usr/bin/load2db 227872
/usr/bin/load2sqlitedb 199296
/usr/bin/pp_simScore 293824
/usr/bin/prepareAlign 35080
/usr/games/auralquiz 686320
/usr/bin/autogrid4 78120
/usr/bin/avarice 515544
/usr/games/ballz 155176
/usr/bin/bamtools 587952
/usr/bin/bbmail 104616
/usr/bin/bbpager 88232
/usr/bin/bbtime 71840
/usr/bin/bcpp 69080
/usr/bin/bedtools 2021848
/usr/lib/debian-med/bin/express 723744
/usr/games/berusky2 1849624
/usr/games/Between 281000
/usr/bin/bibletime 2005288
/usr/games/billard-gl 197896
/usr/bin/bino 1202448
/usr/lib/debian-med/bin/eagle 604352
/usr/bin/bisonc++ 603112
/usr/bin/bitstormlite 233728
/usr/bin/blackbox 325952
/usr/bin/bsetroot 22848
/usr/bin/bstyleconvert 80192
/usr/bin/blahtexml 877016
/usr/games/blobAndConquer 811912
/usr/games/blobby 1020752
/usr/games/blobby-server 536248
/usr/games/bloboats 198984
/usr/games/blobwars 306432
/usr/games/BlocksOfTheUndead 380160
/usr/bin/boats 792816
/usr/bin/bochs-bin 4261640
/usr/bin/bxhub 30872
/usr/bin/boinc 1018224
/usr/bin/boinccmd 39152
/usr/lib/boinc-client/switcher 14576
/usr/bin/boincmgr 3262888
/usr/bin/bomstrip 14336
/usr/bin/bon_csv2html 22808
/usr/bin/generate_randfile 14392
/usr/sbin/bonnie++ 51984
/usr/sbin/getc_putc 22944
/usr/sbin/getc_putc_helper 14480
/usr/sbin/zcav 31224
/usr/games/boswars 1489232
/usr/bin/bowtie-align-l 623272
/usr/bin/bowtie-align-l-debug 1303208
/usr/bin/bowtie-align-s 619176
/usr/bin/bowtie-align-s-debug 1295016
/usr/bin/bowtie-build-l 299384
/usr/bin/bowtie-build-l-debug 643448
/usr/bin/bowtie-build-s 295288
/usr/bin/bowtie-build-s-debug 635256
/usr/bin/bowtie-inspect-l 283928
/usr/bin/bowtie-inspect-l-debug 283928
/usr/bin/bowtie-inspect-s 279832
/usr/bin/bowtie-inspect-s-debug 279832
/usr/bin/bowtie2-align-l 1714664
/usr/bin/bowtie2-align-s 1739240
/usr/bin/bowtie2-build-l 515312
/usr/bin/bowtie2-build-s 519408
/usr/bin/bowtie2-inspect-l 340056
/usr/bin/bowtie2-inspect-s 348248
/usr/bin/boxes 88920
/usr/games/brainparty 503120
/usr/games/briquolo 493736
/usr/games/btanks 14592
/usr/games/burgerspace 386784
/usr/games/burgerspace-server 231976
/usr/bin/bximage 84536
/usr/bin/cadabra 1481088
/usr/bin/xcadabra 497800
/usr/bin/cantata 7211592
/usr/lib/cantata/cantata-replaygain 80264
/usr/lib/cantata/cantata-tags 240016
/usr/games/cataclysm 17940840
/usr/games/cataclysm-tiles 18289248
/usr/bin/catcodec 30888
/usr/bin/cb2bib 2009344
/usr/bin/cccc 731184
/usr/bin/cclive 434128
/usr/bin/cdargs 77256
/usr/bin/cdck 113288
/usr/bin/cdcover 73520
/usr/lib/cd-hit/cd-hit 143440
/usr/lib/cd-hit/cd-hit-2d 143440
/usr/lib/cd-hit/cd-hit-454 143536
/usr/lib/cd-hit/cd-hit-div 143440
/usr/lib/cd-hit/cd-hit-est 143440
/usr/lib/cd-hit/cd-hit-est-2d 143440
/usr/games/ceferino 89000
/usr/games/ceferinoeditor 23064
/usr/games/ceferinosetup 18968
/usr/bin/choqok 114920
/usr/games/chromium-bsu 336392
/usr/bin/clamfs 220632
/usr/bin/clasp 1740136
/usr/bin/classified-ads 2280232
/usr/bin/clementine 17443816
/usr/bin/clementine-tagreader 444384
/usr/bin/ClonalFrame 116896
/usr/bin/CloudCompare 5049696
/usr/bin/ccViewer 1055344
/usr/bin/clustalw 730336
/usr/bin/cmake 7361208
/usr/bin/cpack 7479288
/usr/bin/ctest 8546840
/usr/bin/ccmake 6869304
/usr/bin/cmake-gui 7220296
/usr/lib/coco-cpp/Coco 151256
/usr/bin/codelite 8822544
/usr/bin/codelite-make 67904
/usr/lib/codelite/codelite-cc 22768
/usr/lib/codelite/codelite-echo 14488
/usr/lib/codelite/codelite-terminal 311328
/usr/lib/codelite/codelite_indexer 314864
/usr/bin/codfis 44456
/usr/bin/collatinus 603296
/usr/bin/colmap 11717984
/usr/games/colorcode 735960
/usr/bin/colortail 44056
/usr/bin/concalc 138320
/usr/bin/confclerk 629008
/usr/games/connectagram 297208
/usr/bin/cfdg 1115448
/usr/bin/cppcheck 4192512
/usr/games/crack-attack 293096
/usr/bin/crashexport 26792
/usr/bin/crashgetnode 26776
/usr/bin/crashlist 26696
/usr/bin/crashlistout 35024
/usr/bin/crashmail 215896
/usr/bin/crashmaint 48392
/usr/bin/crashstats 30952
/usr/bin/crashwrite 27112
/usr/games/crawl 10318640
/usr/games/crawl-tiles 11621872
/usr/bin/critterding 1298000
/usr/bin/cruft-ng 100512
/usr/bin/cryfs 5814064
/usr/bin/cryfs-unmount 713040
/usr/bin/csmith 965600
/usr/bin/csstidy 284832
/usr/bin/ctorrent 204360
/usr/games/Cultivation 461624
/usr/bin/cupt 1204512
/usr/bin/CuraEngine 3294112
/usr/bin/cutycapt 51440
/usr/games/cuyo 457208
/usr/bin/cvsaskpass 14488
/usr/bin/cvsservice5 14488
/usr/bin/dablin 197584
/usr/bin/dablin_gtk 426960
/usr/bin/danmaQ 145648
/usr/bin/dar 473544
/usr/bin/dar_cp 145864
/usr/bin/dar_manager 235976
/usr/bin/dar_slave 149960
/usr/bin/dar_split 14488
/usr/bin/dar_xform 158152
/usr/bin/darkice 395512
/usr/bin/dbeacon 72840
/usr/bin/debconf-kde-helper 22600
/usr/bin/dgedit 547056
/usr/bin/dianara 2353392
/usr/sbin/dibbler-relay 319600
/usr/bin/dicomhead 227328
/usr/bin/dinifti 284672
/usr/bin/dictconv 113752
/usr/bin/diffpdf 424184
/usr/bin/dimbl 89280
/usr/bin/dxf2vrml 10592
/usr/bin/dxfsphere 18952
/usr/bin/ITGDec 44904
/usr/bin/ITGLog 31608
/usr/bin/ITGManager 14640
/usr/bin/ITGRecv 80968
/usr/bin/ITGSend 224840
/usr/bin/djview4 1559736
/usr/bin/dnaclust 174440
/usr/lib/dnaclust/fastaselect 63808
/usr/lib/dnaclust/fastasort 39232
/usr/bin/doxygen 16767768
/usr/bin/doxyindexer 556504
/usr/bin/doxysearch.cgi 52048
/usr/bin/doxywizard 579040
/usr/bin/dradio 48232
/usr/bin/drawtiming 89696
/usr/bin/dgvalidator 367016
/usr/bin/drumgizmo 510400
/usr/bin/dsdp5 36232
/usr/bin/maxcut 14944
/usr/bin/theta 19328
/usr/bin/dselect 256600
/usr/bin/btcflash 39336
/usr/bin/dvd+rw-booktype 59760
/usr/bin/dvd+rw-mediainfo 55656
/usr/bin/dvd-ram-control 35144
/usr/bin/rpl8 39272
/usr/bin/dynare++ 1340864
/usr/lib/dynare/matlab/preprocessor64/dynare_m 3941544
/usr/bin/eancheck 10456
/usr/bin/ebook2cwgui 209320
/usr/bin/ecasound 2061848
/usr/bin/enblend 2327320
/usr/bin/encfs 250424
/usr/bin/encfsctl 241976
/usr/games/enemylines7 376200
/usr/bin/enfuse 2581272
/usr/games/enigma 3003832
/usr/games/epiphany-game 145504
/usr/bin/eqonomize 3180872
/usr/bin/espeak 27640
/usr/bin/evolvotron 1018256
/usr/bin/evolvotron_mutate 678280
/usr/bin/evolvotron_render 735632
/usr/bin/bardecode 649456
/usr/bin/e2mtiff 579824
/usr/bin/econvert 833776
/usr/bin/edentify 583920
/usr/bin/empty-page 616688
/usr/bin/hocr2pdf 616688
/usr/bin/optimize2bw 637168
/usr/bin/exiv2 229256
/usr/bin/fakeroot-ng 122016
/usr/sbin/famd 151176
/usr/bin/fbpager 142752
/usr/bin/FBReader 2139744
/usr/bin/felix 93320
/usr/bin/ffmpegthumbnailer 23152
/usr/bin/figtoipe 63808
/usr/bin/filezilla 4989064
/usr/bin/fzputtygen 292952
/usr/bin/fzsftp 608904
/usr/games/fillets 602192
/usr/bin/fim 748616
/usr/bin/firejail-ui 182672
/usr/bin/firetools 152864
/usr/lib/firetools/fmgr 72072
/usr/lib/firetools/fstats 125328
/usr/bin/cfityk 1247744
/usr/bin/fityk 3632312
/usr/bin/flamerobin 4863504
/usr/games/flare 1609600
/usr/bin/flarq 850120
/usr/bin/fldigi 7105816
/usr/bin/QuadraticSieve 53736
/usr/games/flblocks 84384
/usr/games/flcheckers 42000
/usr/games/flsudoku 36264
/usr/bin/fluid 610032
/usr/bin/flvstreamer 73256
/usr/bin/streams 69112
/usr/bin/flwm 67976
/usr/bin/fontmatrix 3130000
/usr/bin/fotoxx 1525344
/usr/bin/fqterm.bin 2413624
/usr/bin/fractalnow 2440248
/usr/bin/qfractalnow 2857800
/usr/games/dfarc 476248
/usr/lib/freeorion/freeorion 8036352
/usr/lib/freeorion/freeorionca 2572704
/usr/lib/freeorion/freeoriond 3943784
/usr/bin/fritzing.real 8113856
/usr/games/fruit 105592
/usr/bin/fstl 157952
/usr/bin/cfte 59472
/usr/bin/vfte 590856
/usr/bin/sfte 586728
/usr/bin/xfte 628296
/usr/bin/fullquottel 48696
/usr/games/funguloids 369040
/usr/bin/gaffitter 170168
/usr/games/gbnclient 261832
/usr/games/gbnrobot 40928
/usr/games/gbnserver 44808
/usr/bin/gbgoffice 313672
/usr/bin/gdal_contour 22616
/usr/bin/gdal_create 22616
/usr/bin/gdal_grid 14328
/usr/bin/gdal_rasterize 14328
/usr/bin/gdal_translate 22616
/usr/bin/gdal_viewshed 14424
/usr/bin/gdaladdo 18520
/usr/bin/gdalbuildvrt 14328
/usr/bin/gdaldem 14328
/usr/bin/gdalenhance 22616
/usr/bin/gdalinfo 14328
/usr/bin/gdallocationinfo 22616
/usr/bin/gdalmanage 14424
/usr/bin/gdalmdiminfo 14328
/usr/bin/gdalmdimtranslate 14328
/usr/bin/gdalsrsinfo 26712
/usr/bin/gdaltindex 26712
/usr/bin/gdaltransform 22616
/usr/bin/gdalwarp 18528
/usr/bin/gnmanalyse 26616
/usr/bin/gnmmanage 30808
/usr/bin/nearblack 14328
/usr/bin/ogr2ogr 34904
/usr/bin/ogrinfo 34920
/usr/bin/ogrlineref 51360
/usr/bin/ogrtindex 30808
/usr/bin/testepsg 14424
/sbin/cgdisk 215376
/sbin/fixparts 76104
/sbin/gdisk 215376
/sbin/sgdisk 207184
/usr/bin/geg 191864
/usr/bin/CartConvert 47272
/usr/bin/ConicProj 47272
/usr/bin/GeoConvert 47272
/usr/bin/GeodSolve 71848
/usr/bin/GeodesicProj 47272
/usr/bin/GeoidEval 55464
/usr/bin/Gravity 55464
/usr/bin/MagneticField 67752
/usr/bin/Planimeter 51376
/usr/bin/RhumbSolve 51368
/usr/bin/TransverseMercatorProj 47272
/usr/bin/ghemical 641216
/usr/bin/gigedit 1936272
/usr/bin/akaidump 14576
/usr/bin/akaiextract 31040
/usr/bin/dlsdump 22856
/usr/bin/gig2mono 31048
/usr/bin/gig2stereo 51528
/usr/bin/gigdump 51528
/usr/bin/gigextract 31048
/usr/bin/gigmerge 22856
/usr/bin/korg2gig 72008
/usr/bin/korgdump 22856
/usr/bin/rifftree 22856
/usr/bin/sf2dump 55624
/usr/bin/sf2extract 39240
/usr/bin/gimagereader-gtk 1558856
/usr/games/glaurung 297680
/usr/bin/glogg 789856
/usr/games/glpeces 596232
/usr/bin/gmic 773536
/usr/games/gmult 81800
/usr/bin/gnote 924064
/usr/bin/gdl 75936
/usr/bin/gobby-0.5 1662480
/usr/bin/gopchop 154952
/usr/bin/gtkspu 31176
/usr/bin/mpegcat 32016
/usr/bin/gource 682360
/usr/bin/gperf 92800
/usr/bin/gpsim 19864
/usr/bin/grap 264720
/usr/games/Gravitation 133704
/usr/bin/grfcodec 186888
/usr/bin/grfid 18584
/usr/bin/grfstrip 14560
/usr/bin/nforenum 417776
/usr/games/gtp-rhino 143136
/usr/lib/GNUstep/Applications/Gridlock.app/Gridlock 1342032
/usr/bin/addftinfo 35160
/usr/bin/grn 112416
/usr/bin/grodvi 140672
/usr/bin/grolbp 141728
/usr/bin/grolj4 136576
/usr/bin/gxditview 140832
/usr/bin/hpftodit 262592
/usr/bin/indxbib 55696
/usr/bin/lkbib 55672
/usr/bin/lookbib 55672
/usr/bin/pfbtops 26888
/usr/bin/post-grohtml 238976
/usr/bin/pre-grohtml 124320
/usr/bin/refer 147264
/usr/bin/tfmtodit 47704
/usr/bin/xtotroff 96584
/usr/bin/eqn 206176
/usr/bin/groff 124288
/usr/bin/grops 186144
/usr/bin/grotty 136608
/usr/bin/pic 225472
/usr/bin/preconv 63848
/usr/bin/soelim 47464
/usr/bin/tbl 145768
/usr/bin/troff 769792
/usr/games/groundhog 109352
/usr/bin/dvd+rw-format 47600
/usr/bin/growisofs 121840
/usr/bin/gsimplecal 51368
/usr/sbin/gsmartcontrol 1940440
/usr/bin/gst123 131208
/usr/sbin/guessnet 352088
/usr/bin/guitarix 8121168
/usr/bin/guymager 808808
/usr/bin/gvidm 47440
/usr/bin/gxtuner 133504
/usr/bin/hadori 80040
/usr/sbin/havp 284848
/usr/bin/heimdall 133968
/usr/bin/heimdall-frontend 246344
/usr/games/hex-a-hop 162640
/usr/games/hexalate 131080
/usr/lib/horgand/horgand 284512
/usr/bin/horizon-eda 16508456
/usr/bin/horizon-imp 21905592
/usr/bin/htdb_dump 19000
/usr/bin/htdb_load 27256
/usr/bin/htdb_stat 31392
/usr/bin/htdig 143168
/usr/bin/htdump 18880
/usr/bin/htfuzzy 18944
/usr/bin/htload 18864
/usr/bin/htmerge 23136
/usr/bin/htnotify 31448
/usr/bin/htpurge 31456
/usr/bin/htstat 18896
/usr/lib/cgi-bin/htsearch 126464
/usr/lib/cgi-bin/qtest 68488
/usr/bin/html2text 219312
/usr/bin/PTBatcherGUI 665936
/usr/bin/calibrate_lens_gui 485696
/usr/bin/hugin 3488344
/usr/bin/hugin_stitch_project 133440
/usr/bin/align_image_stack 601144
/usr/bin/autooptimiser 125400
/usr/bin/celeste_standalone 121280
/usr/bin/checkpto 125496
/usr/bin/cpclean 35440
/usr/bin/cpfind 622024
/usr/bin/deghosting_mask 133864
/usr/bin/fulla 469984
/usr/bin/geocpset 43504
/usr/bin/hugin_executor 96576
/usr/bin/hugin_hdrmerge 428520
/usr/bin/hugin_lensdb 68216
/usr/bin/hugin_stacker 989952
/usr/bin/icpfind 92480
/usr/bin/linefind 154096
/usr/bin/nona 56088
/usr/bin/pano_modify 72848
/usr/bin/pano_trafo 31152
/usr/bin/pto_gen 101080
/usr/bin/pto_lensstack 39472
/usr/bin/pto_mask 35264
/usr/bin/pto_merge 72112
/usr/bin/pto_move 72184
/usr/bin/pto_template 31184
/usr/bin/pto_var 92944
/usr/bin/tca_correct 240056
/usr/bin/verdandi 1223488
/usr/bin/vig_optimize 104920
/usr/bin/h2cli 1908304
/usr/bin/h2player 1895544
/usr/bin/hydrogen 4767576
/usr/lib/ibus-mozc/ibus-engine-mozc 982760
/usr/bin/icecc 298840
/usr/lib/icecc/compilerwrapper 14824
/usr/sbin/icecc-scheduler 233064
/usr/sbin/iceccd 319712
/usr/bin/icemon 547400
/usr/bin/icehelp 496528
/usr/bin/icesh 170160
/usr/bin/icesound 96552
/usr/bin/icewm 1430608
/usr/bin/icewm-session 96544
/usr/bin/icewmbg 328416
/usr/bin/icewmhint 51376
/usr/lib/nagios/plugins/check_nscp_api 6548096
/usr/lib/x86_64-linux-gnu/icinga2/sbin/icinga2 15772296
/usr/bin/id3v2 72584
/usr/bin/indi_aaf2_focus 31040
/usr/bin/indi_activefocuser_focus 67912
/usr/bin/indi_arduinost4 31040
/usr/bin/indi_astromech_lpm 35136
/usr/bin/indi_astrometry 35136
/usr/bin/indi_baader_dome 43328
/usr/bin/indi_celestron_gps 129432
/usr/bin/indi_celestron_sct_focus 47424
/usr/bin/indi_crux_mount 59720
/usr/bin/indi_deepskydad_af1_focus 43328
/usr/bin/indi_deepskydad_af2_focus 43328
/usr/bin/indi_deepskydad_af3_focus 43328
/usr/bin/indi_dmfc_focus 39232
/usr/bin/indi_domepro2_dome 204112
/usr/bin/indi_dsc_telescope 191824
/usr/bin/indi_efa_focus 191824
/usr/bin/indi_eval 215344
/usr/bin/indi_falcon_rotator 183632
/usr/bin/indi_fcusb_focus 31040
/usr/bin/indi_flipflat 39232
/usr/bin/indi_gemini_focus 92480
/usr/bin/indi_getprop 207152
/usr/bin/indi_gpusb 31040
/usr/bin/indi_hid_test 42296
/usr/bin/indi_hitecastrodc_focus 31040
/usr/bin/indi_ieq_telescope 84288
/usr/bin/indi_ieqlegacy_telescope 113040
/usr/bin/indi_imager_agent 112960
/usr/bin/indi_integra_focus 51520
/usr/bin/indi_ioptronv3_telescope 76096
/usr/bin/indi_joystick 43328
/usr/bin/indi_lacerta_mfoc_focus 35136
/usr/bin/indi_lakeside_focus 67904
/usr/bin/indi_lx200_TeenAstro 108872
/usr/bin/indi_lx200basic 84296
/usr/bin/indi_lx200generic 666080
/usr/bin/indi_lynx_focus 149824
/usr/bin/indi_manual_wheel 26944
/usr/bin/indi_mbox_weather 187728
/usr/bin/indi_meta_weather 26944
/usr/bin/indi_microtouch_focus 43328
/usr/bin/indi_moonlite_focus 39232
/usr/bin/indi_moonlitedro_focus 47424
/usr/bin/indi_myfocuserpro2_focus 55616
/usr/bin/indi_nfocus 35136
/usr/bin/indi_nightcrawler_focus 63808
/usr/bin/indi_nstep_focus 43328
/usr/bin/indi_onfocus_focus 35136
/usr/bin/indi_openweathermap_weather 39240
/usr/bin/indi_optec_wheel 195920
/usr/bin/indi_paramount_telescope 195920
/usr/bin/indi_pegasus_ppb 191824
/usr/bin/indi_pegasus_ppba 204112
/usr/bin/indi_pegasus_upb 228688
/usr/bin/indi_perfectstar_focus 35136
/usr/bin/indi_planewave_deltat 195920
/usr/bin/indi_pmc8_telescope 84416
/usr/bin/indi_pyxis_rotator 43328
/usr/bin/indi_qhycfw1_wheel 26944
/usr/bin/indi_qhycfw2_wheel 26944
/usr/bin/indi_qhycfw3_wheel 26944
/usr/bin/indi_quantum_wheel 26944
/usr/bin/indi_rainbow_telescope 261456
/usr/bin/indi_rainbowrsf_focus 35136
/usr/bin/indi_rbfocus_focus 35136
/usr/bin/indi_rigel_dome 191824
/usr/bin/indi_robo_focus 47424
/usr/bin/indi_rolloff_dome 26944
/usr/bin/indi_scopedome_dome 63808
/usr/bin/indi_script_dome 35136
/usr/bin/indi_script_telescope 35136
/usr/bin/indi_sestosenso2_focus 63808
/usr/bin/indi_sestosenso_focus 43328
/usr/bin/indi_setprop 207288
/usr/bin/indi_siefs_focus 43328
/usr/bin/indi_simulator_ccd 92480
/usr/bin/indi_simulator_dome 26944
/usr/bin/indi_simulator_focus 26944
/usr/bin/indi_simulator_gps 18752
/usr/bin/indi_simulator_guide 47424
/usr/bin/indi_simulator_rotator 18752
/usr/bin/indi_simulator_spectrograph 31040
/usr/bin/indi_simulator_sqm 18752
/usr/bin/indi_simulator_telescope 59784
/usr/bin/indi_simulator_weather 26944
/usr/bin/indi_simulator_wheel 18752
/usr/bin/indi_skycommander_telescope 22848
/usr/bin/indi_skysafari 88384
/usr/bin/indi_skywatcherAltAzMount 121240
/usr/bin/indi_skywatcherAltAzSimple 104856
/usr/bin/indi_smartfocus_focus 35136
/usr/bin/indi_snapcap 39232
/usr/bin/indi_sqm_weather 179536
/usr/bin/indi_star2000 35136
/usr/bin/indi_steeldrive2_focus 204112
/usr/bin/indi_steeldrive_focus 63808
/usr/bin/indi_synscan_telescope 76104
/usr/bin/indi_synscanlegacy_telescope 67912
/usr/bin/indi_tcfs_focus 43344
/usr/bin/indi_temma_telescope 47424
/usr/bin/indi_trutech_wheel 26944
/usr/bin/indi_usbdewpoint 35136
/usr/bin/indi_usbfocusv3_focus 47424
/usr/bin/indi_v4l2_ccd 178496
/usr/bin/indi_vantage_weather 39232
/usr/bin/indi_watchdog 88384
/usr/bin/indi_watcher_weather 43328
/usr/bin/indi_weather_safety_proxy 43336
/usr/bin/indi_xagyl_wheel 39232
/usr/bin/indiserver 55592
/usr/bin/inkscape 22848
/usr/bin/inkview 14576
/usr/sbin/inspircd 821672
/usr/bin/iptux 379304
/usr/bin/irony-server 100512
/usr/bin/iverilog 59768
/usr/bin/vvp 1407440
/usr/lib/x86_64-linux-gnu/ivl/ivl 2910688
/usr/lib/x86_64-linux-gnu/ivl/ivlpp 67880
/usr/lib/x86_64-linux-gnu/ivl/vhdlpp 571720
/usr/bin/jaaa 88752
/usr/bin/jacktrip 415328
/usr/games/jigzo 84248
/usr/bin/kalgebramobile 116880
/usr/games/kawari_decode2 27152
/usr/games/kawari_encode 27152
/usr/games/kawari_encode2 27160
/usr/games/kosui 573648
/usr/games/kball 131232
/usr/bin/kbruch 399600
/usr/bin/bld_signames 14640
/usr/bin/kDepIDB 27152
/usr/bin/kDepObj 31240
/usr/bin/kDepPre 18936
/usr/bin/kObjCache 68376
/usr/bin/kmk 710456
/usr/bin/kmk_append 18832
/usr/bin/kmk_ash 203880
/usr/bin/kmk_cat 23152
/usr/bin/kmk_chmod 31376
/usr/bin/kmk_cmp 27160
/usr/bin/kmk_cp 52272
/usr/bin/kmk_echo 14672
/usr/bin/kmk_expr 22912
/usr/bin/kmk_gmake 220128
/usr/bin/kmk_install 39856
/usr/bin/kmk_ln 23056
/usr/bin/kmk_md5sum 27072
/usr/bin/kmk_mkdir 23088
/usr/bin/kmk_mv 23088
/usr/bin/kmk_printf 27216
/usr/bin/kmk_redirect 31240
/usr/bin/kmk_rm 43888
/usr/bin/kmk_rmdir 23152
/usr/bin/kmk_sed 142904
/usr/bin/kmk_sleep 14680
/usr/bin/kmk_test 18952
/usr/bin/kmk_time 14672
/usr/bin/kmk_touch 27080
/usr/bin/kcharselect 67728
/usr/bin/kchmviewer 737096
/usr/bin/kcollectd 175336
/usr/bin/kcolorchooser 18504
/usr/bin/kde_wacom_tabletfinder 108856
/usr/bin/keepassx 850224
/usr/bin/kelbt 197216
/usr/bin/curconvd 51504
/usr/bin/keurocalc 141616
/usr/bin/kfloppy 108688
/usr/bin/kgb 88792
/usr/bin/kgeography 268432
/usr/bin/bitmap2component 1621352
/usr/bin/dxf2idf 239944
/usr/bin/eeschema 675176
/usr/bin/gerbview 675176
/usr/bin/idf2vrml 453624
/usr/bin/idfcyl 35136
/usr/bin/idfrect 22768
/usr/bin/kicad 1986088
/usr/bin/kicad2step 416504
/usr/bin/pcb_calculator 675176
/usr/bin/pcbnew 675176
/usr/bin/pl_editor 675176
/usr/bin/kid3-qt 276728
/usr/bin/klatexformula 5242400
/usr/bin/klick 411872
/usr/bin/klog 2935024
/usr/bin/kmc 2648456
/usr/bin/kmc_dump 59952
/usr/bin/kmc_tools 1306272
/usr/bin/kmplayer 14440
/usr/bin/knpplayer 48032
/usr/bin/kphononplayer 52368
/usr/bin/kpartloader 43152
/usr/bin/kpa-thumbnailtool 35992
/usr/bin/kphotoalbum 2829904
/usr/bin/findcontact 65120
/usr/bin/kraft 1830272
/usr/bin/krita 25365752
/usr/bin/krita_version 14800
/usr/bin/kritarunner 152496
/usr/bin/kshutdown 469640
/usr/bin/kst2 3611016
/usr/bin/ksysguardd 159760
/usr/bin/ktikz 710960
/usr/bin/ktimetracker 507080
/usr/bin/ibanchk 18672
/usr/bin/ktoblzcheck 30976
/usr/bin/kwalletcli 22624
/usr/bin/kwave 268592
/usr/bin/kwrite 104592
/usr/bin/langdrill 85568
/usr/lib/last-align/last-merge-batches-avx 14600
/usr/lib/last-align/last-merge-batches-avx2 14600
/usr/lib/last-align/last-merge-batches-sse2 14600
/usr/lib/last-align/last-merge-batches-sse3 14600
/usr/lib/last-align/last-merge-batches-sse4.1 14600
/usr/lib/last-align/last-merge-batches-ssse3 14600
/usr/lib/last-align/last-pair-probs-avx 76440
/usr/lib/last-align/last-pair-probs-avx2 76440
/usr/lib/last-align/last-pair-probs-sse2 72344
/usr/lib/last-align/last-pair-probs-sse3 72344
/usr/lib/last-align/last-pair-probs-sse4.1 72344
/usr/lib/last-align/last-pair-probs-ssse3 72344
/usr/lib/last-align/last-split-avx 228184
/usr/lib/last-align/last-split-avx2 228184
/usr/lib/last-align/last-split-sse2 224088
/usr/lib/last-align/last-split-sse3 224088
/usr/lib/last-align/last-split-sse4.1 224088
/usr/lib/last-align/last-split-ssse3 224088
/usr/lib/last-align/last-split8-avx 228184
/usr/lib/last-align/last-split8-avx2 228184
/usr/lib/last-align/last-split8-sse2 224088
/usr/lib/last-align/last-split8-sse3 224088
/usr/lib/last-align/last-split8-sse4.1 224088
/usr/lib/last-align/last-split8-ssse3 224088
/usr/lib/last-align/lastal-avx 1219040
/usr/lib/last-align/lastal-avx2 1223136
/usr/lib/last-align/lastal-sse2 1169888
/usr/lib/last-align/lastal-sse3 1169888
/usr/lib/last-align/lastal-sse4.1 1173984
/usr/lib/last-align/lastal-ssse3 1169888
/usr/lib/last-align/lastal8-avx 1219040
/usr/lib/last-align/lastal8-avx2 1223136
/usr/lib/last-align/lastal8-sse2 1173984
/usr/lib/last-align/lastal8-sse3 1173984
/usr/lib/last-align/lastal8-sse4.1 1173984
/usr/lib/last-align/lastal8-ssse3 1173984
/usr/lib/last-align/lastdb-avx 281088
/usr/lib/last-align/lastdb-avx2 281088
/usr/lib/last-align/lastdb-sse2 272896
/usr/lib/last-align/lastdb-sse3 272896
/usr/lib/last-align/lastdb-sse4.1 276992
/usr/lib/last-align/lastdb-ssse3 276992
/usr/lib/last-align/lastdb8-avx 281088
/usr/lib/last-align/lastdb8-avx2 281088
/usr/lib/last-align/lastdb8-sse2 272896
/usr/lib/last-align/lastdb8-sse3 272896
/usr/lib/last-align/lastdb8-sse4.1 276992
/usr/lib/last-align/lastdb8-ssse3 276992
/usr/bin/lcalc 426000
/usr/bin/ledger 540376
/usr/bin/citygmltest 22624
/usr/bin/cryptest 6930464
/usr/bin/ctemplate-diff_tpl_auto_escape 23416
/usr/bin/ctemplate-make_tpl_varnames_h 31960
/usr/bin/libdkimtest 10544
/usr/bin/reswrap-1.6 14200
/usr/bin/gdcmanon 48312
/usr/bin/gdcmconv 82104
/usr/bin/gdcmdiff 31056
/usr/bin/gdcmdump 240816
/usr/bin/gdcmgendir 27304
/usr/bin/gdcmimg 76952
/usr/bin/gdcminfo 60248
/usr/bin/gdcmpap3 585232
/usr/bin/gdcmpdf 105080
/usr/bin/gdcmraw 68344
/usr/bin/gdcmscanner 31544
/usr/bin/gdcmscu 56672
/usr/bin/gdcmtar 113464
/usr/bin/gdcmxml 129720
/usr/lib/x86_64-linux-gnu/gstreamermm-1.0/gen/generate_plugin_gmmproc_file 68104
/usr/bin/mathmlsvg 118624
/usr/bin/mathmlviewer 45984
/usr/bin/id3convert 19192
/usr/bin/id3cp 15032
/usr/bin/id3info 27416
/usr/bin/id3tag 23608
/usr/bin/libtest 14824
/usr/bin/notQttest 18976
/usr/bin/nxcl 60264
/usr/bin/nxcmd 31528
/usr/bin/fwexec 14712
/usr/bin/fwflash 14856
/usr/bin/mkoctfile 109616
/usr/bin/octave-config 35416
/usr/lib/libreoffice/program/oosplash 40320
/usr/lib/libreoffice/program/opencltest 14752
/usr/lib/libreoffice/program/soffice.bin 14616
/usr/lib/libreoffice/program/unopkg.bin 14616
/usr/lib/libreoffice/program/uri-encode 14648
/usr/lib/libreoffice/program/xpdfimport 56192
/usr/bin/scls 94120
/usr/bin/scpr 143824
/usr/bin/ecppc 216304
/usr/bin/ecppl 27120
/usr/bin/ecppll 31400
/usr/bin/tolua++5.1 161248
/usr/bin/gdcm2pnm 18680
/usr/bin/gdcm2vtk 48280
/usr/bin/gdcmviewer 43672
/usr/lib/libwaili/test/Demo 52032
/usr/lib/libwaili/test/Example 31128
/usr/lib/libwaili/test/Histogram 35336
/usr/lib/libwaili/test/Proof 35296
/usr/lib/libwaili/test/Rangecheck 35208
/usr/lib/libwaili/test/Test 35288
/usr/bin/wpg2raw 14608
/usr/bin/wpg2svg 18800
/usr/bin/lifeograph 2366472
/usr/lib/x86_64-linux-gnu/lilypond/2.22.0/bin/guile-1.8 14600
/usr/lib/x86_64-linux-gnu/lilypond/2.22.0/bin/lilypond 4511088
/usr/games/lincity-ng 1540808
/usr/bin/littlewizard 328896
/usr/bin/littlewizardtest 249496
/usr/bin/lmms 2995176
/usr/lib/x86_64-linux-gnu/lmms/RemoteZynAddSubFx 514168
/usr/bin/logstalgia 581928
/usr/games/lordsawar 5019592
/usr/games/lordsawar-game-host-client 2188720
/usr/games/lordsawar-game-host-server 2242152
/usr/games/lordsawar-game-list-client 2205104
/usr/games/lordsawar-game-list-server 2205208
/usr/games/lordsawar-import 2139248
/usr/bin/lshw 833912
/usr/bin/lshw-gtk 908376
/usr/bin/lt-proc 31752
/usr/bin/lt-tmxcomp 18784
/usr/bin/lt-tmxproc 18672
/usr/bin/luckybackup 1284344
/usr/games/lugaru 1154760
/usr/bin/lyx 15922560
/usr/bin/lyxclient 499120
/usr/bin/tex2lyx 1756056
/usr/bin/lzip.lzip 117656
/usr/bin/m16c-flash 23008
/usr/bin/mailsync 121792
/usr/bin/mailtextbody 22936
/usr/bin/mangler 2004792
/usr/bin/mapcode 1510784
/usr/bin/mapnik-index 567368
/usr/bin/mapnik-render 88120
/usr/bin/shapeindex 116792
/usr/bin/maq 231152
/usr/bin/massxpert 2844944
/usr/bin/meep 993752
/usr/games/megaglest 8331840
/usr/games/megaglest_editor 1084864
/usr/games/megaglest_g3dviewer 1740784
/usr/bin/merkaartor 4229544
/usr/bin/metacam 126616
/usr/bin/microdc2 258344
/usr/bin/milkytracker 2714976
/usr/bin/minbif 1328664
/usr/games/minetest 8877088
/usr/bin/minisat 23216
/usr/bin/minitube 1706304
/usr/bin/miwm 360680
/usr/bin/mkcue 14680
/usr/bin/mm3d 2723760
/usr/sbin/monopd 293040
/usr/games/monster-masher 233832
/usr/bin/mp3diags 4148704
/usr/bin/mpd 1809112
/usr/bin/mpdas 92328
/usr/bin/mpqc 267864
/usr/bin/mm 269608
/usr/bin/mumble 7401344
/usr/sbin/murmurd 2532000
/usr/bin/combineMUMs 55576
/usr/bin/delta-filter 72008
/usr/bin/delta2blocks 88400
/usr/bin/delta2maf 104784
/usr/bin/gaps 18672
/usr/bin/mgaps 30992
/usr/bin/mummer 55288
/usr/bin/mummer-annotate 30960
/usr/bin/repeat-match 35072
/usr/bin/show-aligns 104784
/usr/bin/show-coords 100680
/usr/bin/show-diff 80200
/usr/bin/show-snps 121160
/usr/bin/show-tiling 108880
/usr/lib/mummer/postnuc 76024
/usr/lib/mummer/postpro 84216
/usr/lib/mummer/prenuc 26864
/usr/lib/mummer/prepro 30960
/usr/bin/muscle 589128
/usr/bin/grepmidi 14480
/usr/bin/muse 547200
/usr/bin/muse_plugin_scan 18744
/usr/bin/mustang 183408
/usr/bin/nam 652744
/usr/bin/blast_formatter 264648
/usr/bin/blast_report 235888
/usr/bin/blastdb_aliastool 141760
/usr/bin/blastdb_convert 133568
/usr/bin/blastdb_path 63824
/usr/bin/blastdbcheck 166328
/usr/bin/blastdbcmd 166328
/usr/bin/blastdbcp 100680
/usr/bin/blastn 215488
/usr/bin/blastp 211392
/usr/bin/blastx 211392
/usr/bin/convert2blastmask 84304
/usr/bin/deltablast 244160
/usr/bin/dustmasker 55616
/usr/bin/gene_info_reader 35144
/usr/bin/makeblastdb 223680
/usr/bin/makembindex 59712
/usr/bin/makeprofiledb 170424
/usr/bin/psiblast 248256
/usr/bin/rpsblast+ 264640
/usr/bin/rpstblastn 264640
/usr/bin/seedtop+ 211392
/usr/bin/segmasker 55624
/usr/bin/seqdb_perf 51536
/usr/bin/tblastn 223680
/usr/bin/tblastx 211392
/usr/bin/windowmasker 59712
/usr/bin/e-PCR 93896
/usr/bin/fahash 113256
/usr/bin/famap 52680
/usr/bin/re-PCR 141928
/usr/bin/ncmpc 356032
/usr/bin/ncap2 1437296
/usr/bin/ncatted 24040
/usr/bin/ncbo 38568
/usr/bin/ncecat 42952
/usr/bin/ncflint 42824
/usr/bin/ncks 63944
/usr/bin/ncpdq 43016
/usr/bin/ncra 72456
/usr/bin/ncrename 32264
/usr/bin/ncwa 84432
/usr/sbin/ndppd 162208
/usr/bin/nemiver 147816
/usr/sbin/nethogs 59600
/usr/bin/nifti1_tool 108856
/usr/bin/nifti_stats 14568
/usr/bin/nifti_tool 149760
/usr/bin/nitrogen 420032
/usr/bin/nitrokey-app 1067328
/usr/bin/nixnote2 6256968
/usr/games/njam 71768
/usr/bin/nlkt 263280
/usr/bin/nload 141344
/usr/bin/nmapsi4 1034488
/usr/bin/node 26616
/usr/bin/nqc 349408
/usr/bin/ns3.31-bench-packets 64536
/usr/bin/ns3.31-bench-simulator 60552
/usr/bin/ns3.31-print-introspected-doxygen 130256
/usr/bin/ns3.31-raw-sock-creator 23232
/usr/bin/ns3.31-tap-creator 27352
/usr/bin/ns3.31-tap-device-creator 35568
/usr/bin/GenPat 43344
/usr/bin/makensis 742296
/usr/bin/numlockx 14328
/usr/bin/nxproxy 14328
/usr/bin/nzbget 1364512
/usr/bin/octave 31704
/usr/bin/octave-cli 18960
/usr/libexec/octave/6.2.0/exec/x86_64-pc-linux-gnu/octave-gui 18960
/usr/libexec/octave/6.2.0/exec/x86_64-pc-linux-gnu/octave-svgconvert 89800
/usr/bin/ola_artnet 51960
/usr/bin/ola_dev_info 73240
/usr/bin/ola_dmxconsole 35768
/usr/bin/ola_dmxmonitor 48056
/usr/bin/ola_e131 51968
/usr/bin/ola_rdm_discover 43736
/usr/bin/ola_rdm_get 68792
/usr/bin/ola_recorder 80848
/usr/bin/ola_streaming_client 27152
/usr/bin/ola_timecode 35432
/usr/bin/ola_trigger 97232
/usr/bin/ola_uni_stats 56048
/usr/bin/ola_usbpro 47848
/usr/bin/olad 43624
/usr/bin/rdmpro_sniffer 60336
/usr/bin/usbpro_firmware 35648
/usr/games/nsaconv 88720
/usr/games/nsadec 84544
/usr/games/onscripter 385296
/usr/games/onscripter-1byte 385296
/usr/games/sardec 80448
/usr/lib/games/onscripter/simple_aviplay 22992
/usr/bin/obabel 31432
/usr/bin/obconformer 19088
/usr/bin/obdistgen 19120
/usr/bin/obenergy 23200
/usr/bin/obfit 27464
/usr/bin/obfitall 27456
/usr/bin/obgen 23272
/usr/bin/obgrep 23328
/usr/bin/obminimize 23312
/usr/bin/obmm 27408
/usr/bin/obprobe 27512
/usr/bin/obprop 23288
/usr/bin/obrms 43872
/usr/bin/obrotamer 27384
/usr/bin/obrotate 23272
/usr/bin/obspectrophore 64248
/usr/bin/obsym 19032
/usr/bin/obtautomer 19128
/usr/bin/obthermo 23176
/usr/games/opencity 500752
/usr/bin/exr2aces 18680
/usr/bin/exrenvmap 317768
/usr/bin/exrheader 35144
/usr/bin/exrmakepreview 285000
/usr/bin/exrmaketiled 330056
/usr/bin/exrmultipart 84296
/usr/bin/exrmultiview 39240
/usr/bin/exrstdattr 330056
/usr/bin/exrdisplay 351832
/usr/games/open-invaders 142504
/usr/bin/openmsx 7705168
/usr/bin/openmsx-catapult 823704
/usr/bin/openmsx-debugger 1192400
/usr/bin/openscad 7978104
/usr/games/openttd 6832432
/usr/games/openyahtzee 624456
/usr/games/snipe2d 105952
/usr/bin/osm2pgrouting 448704
/usr/bin/osm2pgsql 1541664
/usr/bin/osmcoastline 486184
/usr/bin/osmcoastline_filter 424344
/usr/bin/osmcoastline_segments 47488
/usr/bin/osmcoastline_ways 358624
/usr/bin/osmium 2132352
/usr/bin/osmpbf-outline 187392
/usr/bin/ossim-adrg-dump 18520
/usr/bin/ossim-applanix2ogeom 43168
/usr/bin/ossim-autreg 22696
/usr/bin/ossim-band-merge 39080
/usr/bin/ossim-btoa 18520
/usr/bin/ossim-chgkwval 14424
/usr/bin/ossim-chipper 22696
/usr/bin/ossim-cli 22624
/usr/bin/ossim-cmm 47264
/usr/bin/ossim-computeSrtmStats 26784
/usr/bin/ossim-correl 26712
/usr/bin/ossim-create-bitmask 39072
/usr/bin/ossim-create-cg 30880
/usr/bin/ossim-create-histo 39072
/usr/bin/ossim-deg2dms 18592
/usr/bin/ossim-dms2deg 22688
/usr/bin/ossim-dump-ocg 18592
/usr/bin/ossim-envi-cg 22696
/usr/bin/ossim-equation 26784
/usr/bin/ossim-extract-vertices 26784
/usr/bin/ossim-header-crawl 39072
/usr/bin/ossim-icp 59560
/usr/bin/ossim-igen 26792
/usr/bin/ossim-image-synth 22688
/usr/bin/ossim-img2md 26784
/usr/bin/ossim-img2rr 63648
/usr/bin/ossim-info 22696
/usr/bin/ossim-modopt 22616
/usr/bin/ossim-mosaic 63648
/usr/bin/ossim-ogeom2ogeom 39072
/usr/bin/ossim-orthoigen 30888
/usr/bin/ossim-pc2dem 59560
/usr/bin/ossim-pixelflip 39072
/usr/bin/ossim-plot-histo 34976
/usr/bin/ossim-preproc 22696
/usr/bin/ossim-project-point 26784
/usr/bin/ossim-prune 22688
/usr/bin/ossim-rejout 22616
/usr/bin/ossim-rpcgen 43168
/usr/bin/ossim-rpf 47272
/usr/bin/ossim-senint 71840
/usr/bin/ossim-space-imaging 14424
/usr/bin/ossim-src2src 96416
/usr/bin/ossim-swapbytes 22616
/usr/bin/ossim-tfw2ogeom 39072
/usr/bin/ossim-tool-client 14424
/usr/bin/ossim-tool-server 14424
/usr/bin/ossim-viirs-proc 26784
/usr/bin/ossim-ws-cmp 22616
/usr/sbin/owx 52032
/usr/lib/p7zip/7zr 962096
/usr/lib/p7zip/7z 597680
/usr/lib/p7zip/7zCon.sfx 473576
/usr/lib/p7zip/7za 1462016
/usr/bin/packagesearch 440168
/usr/games/pacman 61568
/usr/bin/pbm_findskew 14496
/usr/bin/tiff_findskew 14496
/usr/bin/parser3 1297352
/usr/sbin/partimage 335992
/usr/sbin/partimaged 89480
/usr/bin/pasmo 310288
/usr/games/Passage 133768
/usr/bin/pavucontrol 485576
/usr/bin/pbsim 43632
/usr/bin/pbzip2 71880
/usr/bin/pcb2gcode 327584
/usr/bin/pcmanx 1383872
/usr/bin/pdal 211136
/usr/bin/pdf2djvu 323144
/usr/bin/pdfchain 1063072
/usr/bin/pdfcube 86040
/usr/bin/pdfgrep 81144
/usr/bin/pdftoipe 51968
/usr/games/peg-e 164352
/usr/games/peg-solitaire 342256
/usr/bin/pekwm 805832
/usr/games/pentobi 1259976
/usr/games/pentobi-thumbnailer 199080
/usr/bin/p2wgui 214376
/usr/bin/pgn2web 44616
/usr/bin/photoflare 1304824
/usr/bin/pi 18872
/usr/games/pinball 354728
/usr/bin/pinot 1936232
/usr/bin/pinot-dbus-daemon 953288
/usr/bin/pinot-index 814056
/usr/bin/pinot-label 150408
/usr/bin/pinot-search 650248
/usr/games/pipewalker 144448
/usr/bin/pkann 223400
/usr/bin/pkannogr 194728
/usr/bin/pkascii2img 80040
/usr/bin/pkascii2ogr 96424
/usr/bin/pkcomposite 186536
/usr/bin/pkcreatect 100520
/usr/bin/pkcrop 157864
/usr/bin/pkdiff 141480
/usr/bin/pkdsm2shadow 84136
/usr/bin/pkdumpimg 96424
/usr/bin/pkdumpogr 92328
/usr/bin/pkegcs 92328
/usr/bin/pkextractimg 141480
/usr/bin/pkextractogr 227504
/usr/bin/pkfillnodata 84136
/usr/bin/pkfilter 178344
/usr/bin/pkfilterascii 137384
/usr/bin/pkfilterdem 149680
/usr/bin/pkfsann 186544
/usr/bin/pkfssvm 174256
/usr/bin/pkgetmask 96424
/usr/bin/pkinfo 104616
/usr/bin/pkkalman 166056
/usr/bin/pkoptsvm 157864
/usr/bin/pkpolygonize 84136
/usr/bin/pkreclass 108712
/usr/bin/pkreclassogr 80040
/usr/bin/pkregann 133288
/usr/bin/pksetmask 100520
/usr/bin/pksieve 71848
/usr/bin/pkstat 149672
/usr/bin/pkstatascii 161960
/usr/bin/pkstatogr 104616
/usr/bin/pkstatprofile 75944
/usr/bin/pksvm 223416
/usr/bin/pksvmogr 194744
/usr/games/running-bear 27232
/usr/lib/debian-med/bin/plink 3297488
/usr/bin/lzip.plzip 94056
/usr/bin/poeditor 7282456
/usr/games/pokerth 4929616
/usr/games/pokerth_server 3098760
/usr/bin/ponyprog 1617832
/usr/bin/pdfattach 18504
/usr/bin/pdfdetach 26816
/usr/bin/pdffonts 22720
/usr/bin/pdfimages 51392
/usr/bin/pdfinfo 51392
/usr/bin/pdfseparate 22600
/usr/bin/pdfsig 26696
/usr/bin/pdftocairo 145520
/usr/bin/pdftohtml 120936
/usr/bin/pdftoppm 34928
/usr/bin/pdftops 26824
/usr/bin/pdftotext 43216
/usr/bin/pdfunite 30792
/usr/bin/posterazor 313776
/usr/sbin/powertop 559440
/usr/bin/po2xml 96592
/usr/bin/split2po 96592
/usr/bin/swappo 18616
/usr/bin/xml2pot 88400
/usr/bin/praat 35803440
/usr/bin/praat_nogui 35761544
/usr/bin/sendpraat 14488
/usr/bin/PreviSat 1724000
/usr/games/Primrose 195480
/usr/bin/probcons 180312
/usr/bin/probcons-RNA 178808
/usr/bin/pc-compare 63816
/usr/bin/pc-makegnuplot 14584
/usr/bin/pc-project 43344
/usr/bin/proda 139176
/usr/bin/protoc 22968
/usr/bin/psi 9324736
/usr/bin/psi3 89000
/usr/lib/psi/ccdensity 1285104
/usr/lib/psi/ccenergy 822376
/usr/lib/psi/cceom 678968
/usr/lib/psi/cchbar 646096
/usr/lib/psi/cclambda 621600
/usr/lib/psi/ccresponse 416784
/usr/lib/psi/ccsort 429096
/usr/lib/psi/cctriples 449552
/usr/lib/psi/cints 15286184
/usr/lib/psi/cis 367632
/usr/lib/psi/clag 117664
/usr/lib/psi/cphf 183304
/usr/lib/psi/cscf 273432
/usr/lib/psi/dboc 355424
/usr/lib/psi/detcas 224336
/usr/lib/psi/detcasman 105352
/usr/lib/psi/detci 507016
/usr/lib/psi/extrema 223056
/usr/lib/psi/geom 241184
/usr/lib/psi/input 302072
/usr/lib/psi/intder 396264
/usr/lib/psi/localize 117712
/usr/lib/psi/mcscf 261224
/usr/lib/psi/mocube 125904
/usr/lib/psi/mp2 388072
/usr/lib/psi/mp2r12 121744
/usr/lib/psi/nonbonded 106264
/usr/lib/psi/oeprop 269584
/usr/lib/psi/optking 530736
/usr/lib/psi/psi2molden 113560
/usr/lib/psi/psiclean 64272
/usr/lib/psi/psimrcc 887904
/usr/lib/psi/response 236544
/usr/lib/psi/stable 261136
/usr/lib/psi/tocprint 80720
/usr/lib/psi/transqt 285720
/usr/lib/psi/transqt2 265248
/usr/bin/pstoedit 14328
/usr/games/pushover 530192
/usr/bin/q4wine 3889552
/usr/bin/q4wine-cli 190776
/usr/bin/q4wine-helper 153992
/usr/bin/qalc 399536
/usr/bin/qasconfig 153976
/usr/bin/qasmixer 752120
/usr/bin/qbittorrent 8911176
/usr/bin/qbittorrent-nox 6761792
/usr/bin/qbrew 895216
/usr/bin/qcomicbook 1334808
/usr/bin/qdacco 276720
/usr/bin/qelectrotech 6499480
/usr/lib/qgis/grass/modules/qgis.d.rast7 14328
/usr/lib/qgis/grass/modules/qgis.g.info7 18424
/usr/lib/qgis/grass/modules/qgis.r.in7 18600
/usr/lib/qgis/grass/modules/qgis.v.in7 47352
/usr/lib/qgis/crssync 18592
/usr/bin/qgit 1120568
/usr/bin/qjoypad 252152
/usr/bin/qmapshack 10966432
/usr/bin/qmaptool 1172704
/usr/bin/qmt_map2jnx 39008
/usr/bin/qmt_rgb2pct 43256
/usr/bin/qmmp 207232
/usr/games/qonk 297160
/usr/bin/qprogram-starter 112880
/usr/bin/qsampler 702704
/usr/bin/qshutdown 432368
/usr/bin/qspeakers 300136
/usr/bin/qstardict 616848
/usr/bin/qsynth 563456
/usr/bin/qtcreator 94608
/usr/libexec/qtcreator/buildoutputparser 27728
/usr/libexec/qtcreator/clangbackend 570696
/usr/libexec/qtcreator/cpaster 85792
/usr/libexec/qtcreator/cplusplus-keywordgen 47936
/usr/libexec/qtcreator/perf2text 48256
/usr/libexec/qtcreator/perfparser 353896
/usr/libexec/qtcreator/qml2puppet 1092760
/usr/libexec/qtcreator/qtc-askpass 19088
/usr/libexec/qtcreator/qtcreator_process_stub 19032
/usr/libexec/qtcreator/qtpromaker 44272
/usr/libexec/qtcreator/sdktool 464256
/usr/libexec/qtcreator/valgrind-fake 35872
/usr/bin/qterm 1973672
/usr/bin/qtikz 755952
/usr/bin/qtpass 575736
/usr/bin/qtractor 4138256
/usr/lib/x86_64-linux-gnu/qtractor/qtractor_plugin_scan 31032
/usr/bin/quasselcore 2386248
/usr/bin/qutemol 535080
/usr/games/rafkill 478696
/usr/bin/ragel 2182032
/usr/bin/rawtherapee 12539344
/usr/bin/rawtherapee-cli 5292432
/usr/bin/rdfind 89024
/usr/lib/reapr/bam2fcdEstimate 96576
/usr/lib/reapr/bam2fragCov 59712
/usr/lib/reapr/bam2insert 80192
/usr/lib/reapr/bam2perfect 63808
/usr/lib/reapr/fa2gaps 22768
/usr/lib/reapr/fa2gc 26864
/usr/lib/reapr/make_plots 31040
/usr/lib/reapr/n50 35136
/usr/lib/reapr/scaff2contig 26944
/usr/lib/reapr/task_break 72000
/usr/lib/reapr/task_fcdrate 80192
/usr/lib/reapr/task_gapresize 80192
/usr/lib/reapr/task_score 162112
/usr/lib/reapr/task_stats 137536
/usr/bin/censuslookup 35296
/usr/bin/regconcat 18904
/usr/bin/regconvert 14696
/usr/bin/regfiledump 35376
/usr/bin/regfiletype 14672
/usr/bin/regina-gui 2843544
/usr/bin/retriangulate 55912
/usr/bin/sigcensus 14656
/usr/bin/tricensus 142320
/usr/bin/trisetcmp 88760
/usr/bin/rem2ps 57712
/usr/bin/remind 219488
/usr/games/rlvm 2189776
/usr/lib/rna-star/bin/STAR-avx 1820328
/usr/lib/rna-star/bin/STAR-avx2 1820328
/usr/lib/rna-star/bin/STAR-plain 1816248
/usr/lib/rna-star/bin/STAR-sse3 1820328
/usr/lib/rna-star/bin/STAR-sse4.1 1820328
/usr/lib/rna-star/bin/STAR-ssse3 1820328
/usr/lib/rna-star/bin/STARlong-avx 1820328
/usr/lib/rna-star/bin/STARlong-avx2 1820328
/usr/lib/rna-star/bin/STARlong-plain 1816248
/usr/lib/rna-star/bin/STARlong-sse3 1820328
/usr/lib/rna-star/bin/STARlong-sse4.1 1820328
/usr/lib/rna-star/bin/STARlong-ssse3 1820328
/usr/bin/rosegarden 14953552
/usr/games/rrootage 109616
/usr/bin/rsakeyfind 18520
/usr/bin/rsibreak 255328
/usr/bin/rsyncrypto 104624
/usr/bin/rsyncrypto_recover 22696
/usr/bin/convbin 680200
/usr/bin/pos2kml 444896
/usr/bin/rnx2rtcm 339960
/usr/bin/rnx2rtkp 908664
/usr/bin/rtkrcv 1173592
/usr/bin/str2str 868664
/usr/bin/rtkconv_qt 954792
/usr/bin/rtkget_qt 387712
/usr/bin/rtklaunch_qt 104688
/usr/bin/rtknavi_qt 2089896
/usr/bin/rtkplot_qt 1950152
/usr/bin/rtkpost_qt 1494552
/usr/bin/srctblbrows_qt 850856
/usr/bin/strsvr_qt 1196472
/usr/bin/rtorrent 2087648
/usr/bin/urxvt 1411224
/usr/bin/urxvtc 84768
/usr/bin/urxvtd 1415320
/usr/bin/saga_cmd 112808
/usr/bin/saga_gui 3761872
/usr/bin/sailcut 1002480
/usr/bin/sapphire 105864
/usr/bin/SciTE 1290352
/usr/games/scorched3d 787952
/usr/games/scorched3dc 4038144
/usr/games/scorched3ds 2287104
/usr/games/scummvm 49858432
/usr/bin/sddm 571792
/usr/bin/sddm-greeter 555392
/usr/lib/x86_64-linux-gnu/sddm/sddm-helper 223616
/usr/bin/seafile-applet 4139536
/usr/bin/seaview 864648
/usr/bin/sfftobmp 83304
/usr/bin/sffview 195216
/usr/bin/sigviewer 1034488
/usr/games/simutrans 5596120
/usr/games/makeobj 215264
/usr/bin/sipp 621664
/usr/bin/sirikali 2148824
/usr/bin/sirikali.pkexec 203152
/usr/bin/slim 196656
/usr/bin/slimlock 134872
/usr/bin/sludge-floormaker 100616
/usr/bin/sludge-projectmanager 167032
/usr/bin/sludge-spritebankeditor 100616
/usr/bin/sludge-translationeditor 71920
/usr/bin/sludge-zbuffermaker 92424
/usr/games/sludge-engine 331520
/usr/sbin/smartctl 901008
/usr/sbin/smartd 724240
/usr/bin/sockperf 5261496
/usr/bin/socnetv 3250424
/usr/bin/sonic-pi 9046280
/usr/bin/sosi2osm 26624
/usr/bin/soundkonverter 959832
/usr/bin/soundstretch 47272
/usr/bin/check-regexp 80952
/usr/bin/source-highlight 78984
/usr/bin/source-highlight-settings 19016
/usr/lib/spades/bin/spades-core 6862136
/usr/lib/spades/bin/spades-corrector-core 1407240
/usr/lib/spades/bin/spades-gbuilder 2114504
/usr/lib/spades/bin/spades-gmapper 3880216
/usr/lib/spades/bin/spades-hammer 1385352
/usr/lib/spades/bin/spades-ionhammer 2122760
/usr/lib/spades/bin/spades-kmercount 1468296
/usr/lib/spades/bin/spades-truseq-scfcorrection 2737184
/usr/sbin/spamass-milter 76152
/usr/bin/spamprobe 450184
/usr/bin/spatialite-gui 7898568
/usr/bin/bcat 14576
/usr/bin/ch_lab 35056
/usr/bin/ch_track 35056
/usr/bin/ch_utt 14576
/usr/bin/ch_wave 30960
/usr/bin/dp 35072
/usr/bin/na_play 22768
/usr/bin/na_record 14576
/usr/bin/ngram_build 39152
/usr/bin/ngram_test 26864
/usr/bin/ols 26864
/usr/bin/ols_test 22768
/usr/bin/pda 26864
/usr/bin/pitchmark 43248
/usr/bin/scfg_make 26864
/usr/bin/scfg_parse 22768
/usr/bin/scfg_test 18672
/usr/bin/scfg_train 22768
/usr/bin/sig2fv 43248
/usr/bin/sigfilter 22768
/usr/bin/spectgen 26864
/usr/bin/tilt_analysis 30960
/usr/bin/tilt_synthesis 22768
/usr/bin/viterbi 51496
/usr/bin/wagon 39160
/usr/bin/wagon_test 35056
/usr/bin/wfst_build 26864
/usr/bin/wfst_run 22768
/usr/bin/spew 105576
/usr/games/mapcompile 72776
/usr/games/mapdecompile 64552
/usr/games/pr-downloader 229584
/usr/games/spring 12058904
/usr/games/spring-dedicated 1981360
/usr/games/spring-headless 11344088
/usr/games/springlobby 10698728
/usr/bin/squidview 154728
/usr/bin/squizz 18424
/usr/bin/srec_cat 23320
/usr/bin/srec_cmp 19008
/usr/bin/srec_info 23176
/usr/bin/ssh-agent-filter 178344
/usr/games/starfighter 215128
/usr/bin/starconvert 195840
/usr/bin/starplot 408832
/usr/bin/stealth 190768
/usr/bin/stella 8277768
/usr/games/stockfish 21314696
/usr/bin/subnetcalc 38904
/usr/bin/subtitleeditor 399536
/usr/bin/3dtopos 207872
/usr/bin/aven 1251328
/usr/bin/survexport 207872
/usr/bin/svn-all-fast-export 260344
/usr/bin/swfmill 1745696
/usr/bin/extract++ 88840
/usr/bin/index++ 216008
/usr/bin/search++ 134192
/usr/sbin/synaptic 825888
/usr/bin/stap 3590944
/usr/bin/stapbpf 221616
/usr/bin/tagcoll 367816
/usr/games/tagua 2307184
/usr/bin/tantan 92368
/usr/bin/task 2189544
/usr/bin/tcm 300624
/usr/bin/tcmd 2341968
/usr/bin/tcmt 777264
/usr/bin/text2ps 22864
/usr/bin/tcpreen 45096
/usr/bin/tea 1644792
/usr/games/tecnoballz 512048
/usr/games/teeworlds 1196296
/usr/bin/telnet-ssl 147280
/usr/bin/ambiguous_words 14424
/usr/bin/classifier_tester 100552
/usr/bin/cntraining 104648
/usr/bin/combine_lang_model 116896
/usr/bin/combine_tessdata 18592
/usr/bin/dawg2wordlist 14496
/usr/bin/lstmeval 116936
/usr/bin/lstmtraining 129224
/usr/bin/merge_unicharsets 14424
/usr/bin/mftraining 116936
/usr/bin/set_unicharset_properties 174280
/usr/bin/shapeclustering 100552
/usr/bin/tesseract 34904
/usr/bin/text2image 215272
/usr/bin/unicharset_extractor 116896
/usr/bin/wordlist2dawg 18592
/usr/bin/tetgen 14496
/usr/bin/tetrafile 48920
/usr/bin/tetraproc 114944
/usr/bin/texmaker 10225888
/usr/bin/texworks 5694944
/usr/bin/therion 2579648
/usr/lib/tigr-glimmer/anomaly 43344
/usr/lib/tigr-glimmer/build-fixed 67920
/usr/lib/tigr-glimmer/build-icm 68272
/usr/lib/tigr-glimmer/entropy-profile 39376
/usr/lib/tigr-glimmer/entropy-score 43952
/usr/lib/tigr-glimmer/extract 39504
/usr/lib/tigr-glimmer/glimmer3 134488
/usr/lib/tigr-glimmer/long-orfs 68792
/usr/lib/tigr-glimmer/multi-extract 43600
/usr/lib/tigr-glimmer/score-fixed 63808
/usr/lib/tigr-glimmer/start-codon-distrib 43600
/usr/lib/tigr-glimmer/test 14576
/usr/lib/tigr-glimmer/uncovered 31168
/usr/lib/tigr-glimmer/window-acgt 27056
/usr/bin/terraingenerator 68552
/usr/bin/tiled 4632464
/usr/bin/tmxrasterizer 48208
/usr/bin/tmxviewer 43896
/usr/bin/timbl 89168
/usr/bin/timew 1009904
/usr/bin/tintii 1637608
/usr/bin/tmispell 138992
/usr/bin/tntnet 138664
/usr/games/toga2 171712
/usr/games/Transcend 207960
/usr/bin/traverso 3254960
/usr/bin/tv 737688
/usr/bin/trend 67688
/usr/games/triplane 213224
/usr/games/trophy 327512
/usr/bin/tudu 235688
/usr/bin/tulip 538544
/usr/bin/tulip_perspective 138984
/usr/bin/tuxpaint-config 90504
/usr/bin/uchardet 14440
/usr/bin/ucto 60280
/usr/bin/uim-xim 171160
/usr/bin/unalz 43176
/usr/bin/unmass 81328
/usr/bin/uphpmvault 19152
/usr/bin/upx-ucl 1925080
/usr/bin/vbindiff 43976
/usr/bin/vbrfix 47896
/usr/bin/vdr 1925912
/usr/lib/vdr/vdr-shutdown.wrapper 14592
/usr/bin/french-conjugator 40168
/usr/bin/french-deconjugator 23520
/usr/bin/verbiste 102384
/usr/bin/verilator_bin 7770984
/usr/bin/verilator_bin_dbg 10036104
/usr/bin/verilator_coverage_bin_dbg 770152
/usr/bin/VisualBoyAdvance 1115488
/usr/bin/vite 2448824
/usr/bin/vmpk 919792
/usr/bin/vncsnapshot 81824
/usr/games/vodovod 137392
/usr/bin/voms-proxy-destroy2 71288
/usr/bin/voms-proxy-fake 124768
/usr/bin/voms-proxy-info2 92792
/usr/bin/voms-proxy-init2 137088
/usr/bin/voms-verify 66632
/usr/sbin/voms 325592
/usr/bin/dtmfcheck 14704
/usr/bin/measerl 23072
/usr/bin/playwav 14744
/usr/bin/proslicerl 14728
/usr/bin/raw2wav 14648
/usr/bin/recwav 14680
/usr/bin/ringstat 14584
/usr/bin/tonedebug 14776
/usr/bin/tonegen 23048
/usr/bin/tonetrain 23192
/usr/bin/vdaaerl 14776
/usr/bin/vpbecho 18880
/usr/bin/vym 2152704
/usr/games/warmux 2037008
/usr/games/warzone2100 4913600
/usr/bin/wbar 80808
/usr/bin/webissues 3058672
/usr/bin/wfut 43376
/usr/bin/wkhtmltoimage 358792
/usr/bin/wkhtmltopdf 412040
/usr/bin/wm2 76264
/usr/bin/wmanager 27080
/usr/bin/wmcdplay 59528
/usr/bin/worker 3622688
/usr/bin/workrave 2107880
/usr/lib/x86_64-linux-gnu/mate-applets/workrave-applet 31064
/usr/sbin/wpa_gui 669944
/usr/bin/wxrc 126232
/usr/bin/wxHexEditor 1494720
/usr/bin/wxmaxima 5786416
/usr/bin/Xalan 31048
/usr/bin/xalan 59752
/usr/lib/xapian-examples/examples/simpleexpand 23472
/usr/lib/xapian-examples/examples/simpleindex 19184
/usr/lib/xapian-examples/examples/simplesearch 19272
/usr/bin/omindex 215464
/usr/bin/omindex-list 18760
/usr/bin/scriptindex 133664
/usr/lib/cgi-bin/omega/omega 305544
/usr/bin/copydatabase 23368
/usr/bin/quest 39904
/usr/bin/xapian-check 14936
/usr/bin/xapian-compact 19112
/usr/bin/xapian-delve 40072
/usr/bin/xapian-metadata 19120
/usr/bin/xapian-pos 23296
/usr/bin/xapian-progsrv 14960
/usr/bin/xapian-replicate 19096
/usr/bin/xapian-replicate-server 19064
/usr/bin/xapian-tcpsrv 23256
/usr/bin/cas_help 23088
/usr/bin/icas 2313120
/usr/bin/xcas 2436752
/usr/bin/xchm 613000
/usr/bin/xd 113056
/usr/bin/xdrawchem 2594720
/usr/bin/xfe 1527304
/usr/bin/xfimage 789960
/usr/bin/xfpack 715624
/usr/bin/xfwrite 839080
/usr/games/xmahjongg 183712
/usr/games/xmoto 3965712
/usr/bin/xosview 274456
/usr/bin/xpdf.real 303840
/usr/bin/xprobe2 358920
/usr/bin/xqilla 39752
/usr/bin/dump_xsettings 30968
/usr/bin/xsettingsd 47432
/usr/bin/merge-info 187392
/usr/bin/xstow 494768
/usr/bin/xxdiff 881416
/usr/bin/xyscan 830496
/usr/bin/yabause-gtk 1679744
/usr/bin/yabause-qt 2864568
/usr/bin/csv2yapet 162136
/usr/bin/yapet 739784
/usr/bin/yapet2csv 178520
/usr/bin/yaskkserv_make_dictionary 38856
/usr/sbin/yaskkserv_hairy 96320
/usr/sbin/yaskkserv_normal 30720
/usr/sbin/yaskkserv_simple 30720
/usr/bin/yatm 31720
/usr/bin/yoshimi 3146712
/usr/games/zaz 459280
/usr/bin/ZeGrapher 1403936
/usr/bin/znc 1879280
/bin/zcat 868512
/bin/zcmp 868256
/bin/zdiff 868512
/bin/zgrep 872864
/bin/ztest 872288
/bin/zupdate 52768
/usr/bin/zynaddsubfx 2781664
/usr/bin/zynaddsubfx-ext-gui 1069472
